#
# There is insufficient memory for the Java Runtime Environment to continue.
# Native memory allocation (malloc) failed to allocate 377216 bytes for Chunk::new
# Possible reasons:
#   The system is out of physical RAM or swap space
#   The process is running with CompressedOops enabled, and the Java Heap may be blocking the growth of the native heap
# Possible solutions:
#   Reduce memory load on the system
#   Increase physical memory or swap space
#   Check if swap backing store is full
#   Decrease Java heap size (-Xmx/-Xms)
#   Decrease number of Java threads
#   Decrease Java thread stack sizes (-Xss)
#   Set larger code cache with -XX:ReservedCodeCacheSize=
#   JVM is running with Unscaled Compressed Oops mode in which the Java heap is
#     placed in the first 4GB address space. The Java Heap base address is the
#     maximum limit for the native heap growth. Please use -XX:HeapBaseMinAddress
#     to set the Java Heap base and to place the Java Heap above 4GB virtual address.
# This output file may be truncated or incomplete.
#
#  Out of Memory Error (allocation.cpp:389), pid=6316, tid=0x0000000000001e14
#
# JRE version: OpenJDK Runtime Environment (8.0_212-b04) (build 1.8.0_212-release-1586-b04)
# Java VM: OpenJDK 64-Bit Server VM (25.212-b04 mixed mode windows-amd64 compressed oops)
# Failed to write core dump. Minidumps are not enabled by default on client versions of Windows
#

---------------  T H R E A D  ---------------

Current thread (0x00000000180b5000):  JavaThread "C2 CompilerThread0" daemon [_thread_in_native, id=7700, stack(0x0000000018990000,0x0000000018a90000)]

Stack: [0x0000000018990000,0x0000000018a90000]
[error occurred during error reporting (printing stack bounds), id 0xc0000005]

Native frames: (J=compiled Java code, j=interpreted, Vv=VM code, C=native code)


Current CompileTask:
C2:   6142 5696       4       java.lang.invoke.MethodType::makeImpl (66 bytes)


---------------  P R O C E S S  ---------------

Java Threads: ( => current thread )
  0x00000000214bb800 JavaThread "Execution worker for ':' Thread 7" [_thread_blocked, id=18640, stack(0x0000000025ce0000,0x0000000025de0000)]
  0x000000001d9e5000 JavaThread "Execution worker for ':' Thread 6" [_thread_in_Java, id=1812, stack(0x0000000025be0000,0x0000000025ce0000)]
  0x000000001d9e2800 JavaThread "Execution worker for ':' Thread 5" [_thread_in_Java, id=16640, stack(0x0000000025ae0000,0x0000000025be0000)]
  0x000000001d9e2000 JavaThread "Execution worker for ':' Thread 4" [_thread_blocked, id=15212, stack(0x00000000259e0000,0x0000000025ae0000)]
  0x000000001d9df800 JavaThread "Execution worker for ':' Thread 3" [_thread_blocked, id=14432, stack(0x00000000258e0000,0x00000000259e0000)]
  0x000000001d9e1000 JavaThread "Execution worker for ':' Thread 2" [_thread_blocked, id=19224, stack(0x00000000257e0000,0x00000000258e0000)]
  0x000000001d9e4000 JavaThread "Execution worker for ':'" [_thread_blocked, id=15616, stack(0x0000000025200000,0x0000000025300000)]
  0x000000001d9df000 JavaThread "Cache worker for file content cache (C:\Users\siriu\AndroidStudioProjects\MyGuidebook\.gradle\5.6.4\fileContent)" [_thread_blocked, id=19392, stack(0x0000000024f00000,0x0000000025000000)]
  0x000000001d9de000 JavaThread "Cache worker for file content cache (C:\Users\siriu\.gradle\caches\5.6.4\fileContent)" [_thread_blocked, id=13104, stack(0x0000000024e00000,0x0000000024f00000)]
  0x000000001d9e0800 JavaThread "Memory manager" [_thread_blocked, id=8828, stack(0x0000000023370000,0x0000000023470000)]
  0x000000001d9d6800 JavaThread "Cache worker for Build Output Cleanup Cache (C:\Users\siriu\AndroidStudioProjects\MyGuidebook\.gradle\buildOutputCleanup)" [_thread_blocked, id=18400, stack(0x0000000023530000,0x0000000023630000)]
  0x000000001d9dc800 JavaThread "pool-1-thread-1" [_thread_blocked, id=18580, stack(0x0000000023070000,0x0000000023170000)]
  0x000000001d9db000 JavaThread "Build operations Thread 8" [_thread_blocked, id=15232, stack(0x0000000022b70000,0x0000000022c70000)]
  0x000000001d9d7800 JavaThread "Build operations Thread 7" [_thread_blocked, id=14300, stack(0x0000000022a70000,0x0000000022b70000)]
  0x000000001d9dd800 JavaThread "Build operations Thread 6" [_thread_blocked, id=15796, stack(0x0000000022970000,0x0000000022a70000)]
  0x000000001d9d9800 JavaThread "Build operations Thread 5" [_thread_blocked, id=14176, stack(0x0000000022870000,0x0000000022970000)]
  0x000000001d9d9000 JavaThread "Build operations Thread 4" [_thread_blocked, id=19256, stack(0x0000000022770000,0x0000000022870000)]
  0x000000001d9da800 JavaThread "Build operations Thread 3" [_thread_blocked, id=17688, stack(0x0000000022670000,0x0000000022770000)]
  0x000000001d9d8000 JavaThread "Build operations Thread 2" [_thread_blocked, id=17116, stack(0x0000000022570000,0x0000000022670000)]
  0x000000001d9d6000 JavaThread "Build operations" [_thread_blocked, id=8160, stack(0x0000000021f00000,0x0000000022000000)]
  0x000000001af16800 JavaThread "Cache worker for execution history cache (C:\Users\siriu\.gradle\caches\5.6.4\executionHistory)" [_thread_in_Java, id=5000, stack(0x0000000022030000,0x0000000022130000)]
  0x000000001af15000 JavaThread "Cache worker for cache directory md-rule (C:\Users\siriu\.gradle\caches\5.6.4\md-rule)" [_thread_blocked, id=10592, stack(0x0000000021e00000,0x0000000021f00000)]
  0x000000001af1a800 JavaThread "Cache worker for cache directory md-supplier (C:\Users\siriu\.gradle\caches\5.6.4\md-supplier)" [_thread_blocked, id=12004, stack(0x0000000020ab0000,0x0000000020bb0000)]
  0x000000001af15800 JavaThread "Cache worker for file hash cache (C:\Users\siriu\AndroidStudioProjects\MyGuidebook\.gradle\5.6.4\fileHashes)" [_thread_blocked, id=1664, stack(0x000000001f180000,0x000000001f280000)]
  0x000000001af18000 JavaThread "Cache worker for journal cache (C:\Users\siriu\.gradle\caches\journal-1)" [_thread_in_native, id=14760, stack(0x000000001cce0000,0x000000001cde0000)]
  0x000000001af17000 JavaThread "File lock request listener" [_thread_in_native, id=2428, stack(0x000000001cbe0000,0x000000001cce0000)]
  0x000000001b048800 JavaThread "Cache worker for file hash cache (C:\Users\siriu\.gradle\caches\5.6.4\fileHashes)" [_thread_blocked, id=13456, stack(0x000000001cae0000,0x000000001cbe0000)]
  0x000000001ae20000 JavaThread "Thread-9" [_thread_blocked, id=4608, stack(0x000000001c9e0000,0x000000001cae0000)]
  0x000000001ae83000 JavaThread "Stdin handler" [_thread_blocked, id=15664, stack(0x000000001c8e0000,0x000000001c9e0000)]
  0x000000001ae23800 JavaThread "Asynchronous log dispatcher for DefaultDaemonConnection: socket connection from /127.0.0.1:53037 to /127.0.0.1:53038" [_thread_blocked, id=15368, stack(0x000000001c6e0000,0x000000001c7e0000)]
  0x000000001ae55000 JavaThread "Daemon worker" [_thread_blocked, id=16024, stack(0x000000001c5e0000,0x000000001c6e0000)]
  0x000000001ae26800 JavaThread "Cancel handler" [_thread_blocked, id=15644, stack(0x000000001c4e0000,0x000000001c5e0000)]
  0x000000001ade9800 JavaThread "Handler for socket connection from /127.0.0.1:53037 to /127.0.0.1:53038" [_thread_in_native, id=12112, stack(0x000000001c1e0000,0x000000001c2e0000)]
  0x000000001ae3e000 JavaThread "Daemon" [_thread_blocked, id=18696, stack(0x000000001c0e0000,0x000000001c1e0000)]
  0x000000001ae44800 JavaThread "Daemon periodic checks" [_thread_blocked, id=10932, stack(0x000000001bfe0000,0x000000001c0e0000)]
  0x000000001ae43800 JavaThread "Incoming local TCP Connector on port 53037" [_thread_in_native, id=15900, stack(0x000000001bd90000,0x000000001be90000)]
  0x000000001acb3000 JavaThread "Daemon health stats" [_thread_blocked, id=18612, stack(0x000000001a760000,0x000000001a860000)]
  0x000000001814e800 JavaThread "Service Thread" daemon [_thread_blocked, id=13264, stack(0x0000000018d90000,0x0000000018e90000)]
  0x00000000180c4800 JavaThread "C1 CompilerThread3" daemon [_thread_in_native, id=13060, stack(0x0000000018c90000,0x0000000018d90000)]
  0x00000000180bb800 JavaThread "C2 CompilerThread2" daemon [_thread_in_native, id=9292, stack(0x0000000018b90000,0x0000000018c90000)]
  0x000000001627e000 JavaThread "C2 CompilerThread1" daemon [_thread_in_native, id=16040, stack(0x0000000018a90000,0x0000000018b90000)]
=>0x00000000180b5000 JavaThread "C2 CompilerThread0" daemon [_thread_in_native, id=7700, stack(0x0000000018990000,0x0000000018a90000)]
  0x00000000180b4000 JavaThread "Attach Listener" daemon [_thread_blocked, id=3868, stack(0x0000000018890000,0x0000000018990000)]
  0x00000000180b3000 JavaThread "Signal Dispatcher" daemon [_thread_blocked, id=18420, stack(0x0000000018790000,0x0000000018890000)]
  0x00000000024ae000 JavaThread "Finalizer" daemon [_thread_blocked, id=15120, stack(0x0000000018580000,0x0000000018680000)]
  0x000000001626c800 JavaThread "Reference Handler" daemon [_thread_blocked, id=10968, stack(0x0000000018480000,0x0000000018580000)]
  0x00000000022ad800 JavaThread "main" [_thread_blocked, id=1536, stack(0x00000000022b0000,0x00000000023b0000)]

Other Threads:
  0x0000000016268000 VMThread [stack: 0x0000000017f80000,0x0000000018080000] [id=11500]
  0x000000001814f800 WatcherThread [stack: 0x0000000018e90000,0x0000000018f90000] [id=15852]

VM state:not at safepoint (normal execution)

VM Mutex/Monitor currently owned by a thread: None

heap address: 0x00000000a0000000, size: 1536 MB, Compressed Oops mode: 32-bit
Narrow klass base: 0x0000000000000000, Narrow klass shift: 3
Compressed class space size: 1073741824 Address: 0x0000000100000000

Heap:
 PSYoungGen      total 213504K, used 15924K [0x00000000e0000000, 0x00000000ef000000, 0x0000000100000000)
  eden space 198656K, 8% used [0x00000000e0000000,0x00000000e0f8d018,0x00000000ec200000)
  from space 14848K, 0% used [0x00000000ec200000,0x00000000ec200000,0x00000000ed080000)
  to   space 19968K, 0% used [0x00000000edc80000,0x00000000edc80000,0x00000000ef000000)
 ParOldGen       total 135168K, used 37116K [0x00000000a0000000, 0x00000000a8400000, 0x00000000e0000000)
  object space 135168K, 27% used [0x00000000a0000000,0x00000000a243f198,0x00000000a8400000)
 Metaspace       used 57441K, capacity 59860K, committed 60056K, reserved 1101824K
  class space    used 8015K, capacity 8545K, committed 8600K, reserved 1048576K

Card table byte_map: [0x0000000011870000,0x0000000011b80000] byte_map_base: 0x0000000011370000

Marking Bits: (ParMarkBitMap*) 0x00000000681a9f30
 Begin Bits: [0x0000000012580000, 0x0000000013d80000)
 End Bits:   [0x0000000013d80000, 0x0000000015580000)

Polling page: 0x0000000002150000

CodeCache: size=245760Kb used=18329Kb max_used=19101Kb free=227430Kb
 bounds [0x00000000024b0000, 0x0000000003770000, 0x00000000114b0000]
 total_blobs=6290 nmethods=5510 adapters=692
 compilation: enabled

Compilation events (10 events):
Event: 6.131 Thread 0x00000000180c4800 nmethod 5741 0x000000000281d050 code [0x000000000281d1a0, 0x000000000281d2f0]
Event: 6.131 Thread 0x00000000180c4800 5742       3       java.nio.Bits::int3 (6 bytes)
Event: 6.131 Thread 0x00000000180c4800 nmethod 5742 0x00000000025bd490 code [0x00000000025bd5e0, 0x00000000025bd730]
Event: 6.131 Thread 0x00000000180c4800 5739       3       java.util.concurrent.ConcurrentHashMap::containsKey (14 bytes)
Event: 6.131 Thread 0x00000000180c4800 nmethod 5739 0x00000000025bcfd0 code [0x00000000025bd140, 0x00000000025bd328]
Event: 6.131 Thread 0x00000000180c4800 5737       3       sun.nio.cs.StreamDecoder::ensureOpen (18 bytes)
Event: 6.131 Thread 0x00000000180c4800 nmethod 5737 0x000000000272e110 code [0x000000000272e280, 0x000000000272e4c8]
Event: 6.131 Thread 0x00000000180c4800 5745   !   3       java.io.File::toPath (54 bytes)
Event: 6.132 Thread 0x00000000180c4800 nmethod 5745 0x000000000282b750 code [0x000000000282b8e0, 0x000000000282bda8]
Event: 6.132 Thread 0x00000000180c4800 5748       3       sun.nio.fs.WindowsPathParser::normalize (233 bytes)

GC Heap History (10 events):
Event: 3.374 GC heap before
{Heap before GC invocations=8 (full 1):
 PSYoungGen      total 126464K, used 69973K [0x00000000e0000000, 0x00000000e8980000, 0x0000000100000000)
  eden space 116224K, 53% used [0x00000000e0000000,0x00000000e3c296e8,0x00000000e7180000)
  from space 10240K, 81% used [0x00000000e7f80000,0x00000000e87ac060,0x00000000e8980000)
  to   space 12288K, 0% used [0x00000000e7180000,0x00000000e7180000,0x00000000e7d80000)
 ParOldGen       total 85504K, used 7332K [0x00000000a0000000, 0x00000000a5380000, 0x00000000e0000000)
  object space 85504K, 8% used [0x00000000a0000000,0x00000000a0729218,0x00000000a5380000)
 Metaspace       used 34588K, capacity 35472K, committed 35496K, reserved 1079296K
  class space    used 4767K, capacity 5009K, committed 5032K, reserved 1048576K
Event: 3.381 GC heap after
Heap after GC invocations=8 (full 1):
 PSYoungGen      total 128512K, used 10360K [0x00000000e0000000, 0x00000000edf00000, 0x0000000100000000)
  eden space 116224K, 0% used [0x00000000e0000000,0x00000000e0000000,0x00000000e7180000)
  from space 12288K, 84% used [0x00000000e7180000,0x00000000e7b9e0a0,0x00000000e7d80000)
  to   space 12800K, 0% used [0x00000000ed280000,0x00000000ed280000,0x00000000edf00000)
 ParOldGen       total 85504K, used 7340K [0x00000000a0000000, 0x00000000a5380000, 0x00000000e0000000)
  object space 85504K, 8% used [0x00000000a0000000,0x00000000a072b218,0x00000000a5380000)
 Metaspace       used 34588K, capacity 35472K, committed 35496K, reserved 1079296K
  class space    used 4767K, capacity 5009K, committed 5032K, reserved 1048576K
}
Event: 3.381 GC heap before
{Heap before GC invocations=9 (full 2):
 PSYoungGen      total 128512K, used 10360K [0x00000000e0000000, 0x00000000edf00000, 0x0000000100000000)
  eden space 116224K, 0% used [0x00000000e0000000,0x00000000e0000000,0x00000000e7180000)
  from space 12288K, 84% used [0x00000000e7180000,0x00000000e7b9e0a0,0x00000000e7d80000)
  to   space 12800K, 0% used [0x00000000ed280000,0x00000000ed280000,0x00000000edf00000)
 ParOldGen       total 85504K, used 7340K [0x00000000a0000000, 0x00000000a5380000, 0x00000000e0000000)
  object space 85504K, 8% used [0x00000000a0000000,0x00000000a072b218,0x00000000a5380000)
 Metaspace       used 34588K, capacity 35472K, committed 35496K, reserved 1079296K
  class space    used 4767K, capacity 5009K, committed 5032K, reserved 1048576K
Event: 3.467 GC heap after
Heap after GC invocations=9 (full 2):
 PSYoungGen      total 128512K, used 0K [0x00000000e0000000, 0x00000000edf00000, 0x0000000100000000)
  eden space 116224K, 0% used [0x00000000e0000000,0x00000000e0000000,0x00000000e7180000)
  from space 12288K, 0% used [0x00000000e7180000,0x00000000e7180000,0x00000000e7d80000)
  to   space 12800K, 0% used [0x00000000ed280000,0x00000000ed280000,0x00000000edf00000)
 ParOldGen       total 135168K, used 17040K [0x00000000a0000000, 0x00000000a8400000, 0x00000000e0000000)
  object space 135168K, 12% used [0x00000000a0000000,0x00000000a10a4240,0x00000000a8400000)
 Metaspace       used 34559K, capacity 35376K, committed 35496K, reserved 1079296K
  class space    used 4758K, capacity 4993K, committed 5032K, reserved 1048576K
}
Event: 4.429 GC heap before
{Heap before GC invocations=10 (full 2):
 PSYoungGen      total 128512K, used 116224K [0x00000000e0000000, 0x00000000edf00000, 0x0000000100000000)
  eden space 116224K, 100% used [0x00000000e0000000,0x00000000e7180000,0x00000000e7180000)
  from space 12288K, 0% used [0x00000000e7180000,0x00000000e7180000,0x00000000e7d80000)
  to   space 12800K, 0% used [0x00000000ed280000,0x00000000ed280000,0x00000000edf00000)
 ParOldGen       total 135168K, used 17040K [0x00000000a0000000, 0x00000000a8400000, 0x00000000e0000000)
  object space 135168K, 12% used [0x00000000a0000000,0x00000000a10a4240,0x00000000a8400000)
 Metaspace       used 45628K, capacity 46738K, committed 47016K, reserved 1089536K
  class space    used 6129K, capacity 6465K, committed 6568K, reserved 1048576K
Event: 4.439 GC heap after
Heap after GC invocations=10 (full 2):
 PSYoungGen      total 179200K, used 12779K [0x00000000e0000000, 0x00000000edf00000, 0x0000000100000000)
  eden space 166400K, 0% used [0x00000000e0000000,0x00000000e0000000,0x00000000ea280000)
  from space 12800K, 99% used [0x00000000ed280000,0x00000000edefad58,0x00000000edf00000)
  to   space 14848K, 0% used [0x00000000ec200000,0x00000000ec200000,0x00000000ed080000)
 ParOldGen       total 135168K, used 18928K [0x00000000a0000000, 0x00000000a8400000, 0x00000000e0000000)
  object space 135168K, 14% used [0x00000000a0000000,0x00000000a127c0e0,0x00000000a8400000)
 Metaspace       used 45628K, capacity 46738K, committed 47016K, reserved 1089536K
  class space    used 6129K, capacity 6465K, committed 6568K, reserved 1048576K
}
Event: 5.851 GC heap before
{Heap before GC invocations=11 (full 2):
 PSYoungGen      total 179200K, used 158937K [0x00000000e0000000, 0x00000000edf00000, 0x0000000100000000)
  eden space 166400K, 87% used [0x00000000e0000000,0x00000000e8ebb9a8,0x00000000ea280000)
  from space 12800K, 99% used [0x00000000ed280000,0x00000000edefad58,0x00000000edf00000)
  to   space 14848K, 0% used [0x00000000ec200000,0x00000000ec200000,0x00000000ed080000)
 ParOldGen       total 135168K, used 18928K [0x00000000a0000000, 0x00000000a8400000, 0x00000000e0000000)
  object space 135168K, 14% used [0x00000000a0000000,0x00000000a127c0e0,0x00000000a8400000)
 Metaspace       used 56977K, capacity 59008K, committed 59160K, reserved 1099776K
  class space    used 7903K, capacity 8365K, committed 8472K, reserved 1048576K
Event: 5.867 GC heap after
Heap after GC invocations=11 (full 2):
 PSYoungGen      total 213504K, used 14829K [0x00000000e0000000, 0x00000000ef000000, 0x0000000100000000)
  eden space 198656K, 0% used [0x00000000e0000000,0x00000000e0000000,0x00000000ec200000)
  from space 14848K, 99% used [0x00000000ec200000,0x00000000ed07b7b0,0x00000000ed080000)
  to   space 19968K, 0% used [0x00000000edc80000,0x00000000edc80000,0x00000000ef000000)
 ParOldGen       total 135168K, used 27375K [0x00000000a0000000, 0x00000000a8400000, 0x00000000e0000000)
  object space 135168K, 20% used [0x00000000a0000000,0x00000000a1abbc98,0x00000000a8400000)
 Metaspace       used 56977K, capacity 59008K, committed 59160K, reserved 1099776K
  class space    used 7903K, capacity 8365K, committed 8472K, reserved 1048576K
}
Event: 5.867 GC heap before
{Heap before GC invocations=12 (full 3):
 PSYoungGen      total 213504K, used 14829K [0x00000000e0000000, 0x00000000ef000000, 0x0000000100000000)
  eden space 198656K, 0% used [0x00000000e0000000,0x00000000e0000000,0x00000000ec200000)
  from space 14848K, 99% used [0x00000000ec200000,0x00000000ed07b7b0,0x00000000ed080000)
  to   space 19968K, 0% used [0x00000000edc80000,0x00000000edc80000,0x00000000ef000000)
 ParOldGen       total 135168K, used 27375K [0x00000000a0000000, 0x00000000a8400000, 0x00000000e0000000)
  object space 135168K, 20% used [0x00000000a0000000,0x00000000a1abbc98,0x00000000a8400000)
 Metaspace       used 56977K, capacity 59008K, committed 59160K, reserved 1099776K
  class space    used 7903K, capacity 8365K, committed 8472K, reserved 1048576K
Event: 6.077 GC heap after
Heap after GC invocations=12 (full 3):
 PSYoungGen      total 213504K, used 0K [0x00000000e0000000, 0x00000000ef000000, 0x0000000100000000)
  eden space 198656K, 0% used [0x00000000e0000000,0x00000000e0000000,0x00000000ec200000)
  from space 14848K, 0% used [0x00000000ec200000,0x00000000ec200000,0x00000000ed080000)
  to   space 19968K, 0% used [0x00000000edc80000,0x00000000edc80000,0x00000000ef000000)
 ParOldGen       total 135168K, used 37116K [0x00000000a0000000, 0x00000000a8400000, 0x00000000e0000000)
  object space 135168K, 27% used [0x00000000a0000000,0x00000000a243f198,0x00000000a8400000)
 Metaspace       used 56858K, capacity 58676K, committed 59160K, reserved 1099776K
  class space    used 7867K, capacity 8301K, committed 8472K, reserved 1048576K
}

Deoptimization events (10 events):
Event: 5.459 Thread 0x000000001ae55000 Uncommon trap: reason=unstable_if action=reinterpret pc=0x00000000032a7380 method=com.sun.org.apache.xerces.internal.util.SymbolTable.addSymbol([CII)Ljava/lang/String; @ 38
Event: 5.481 Thread 0x000000001ae55000 Uncommon trap: reason=unstable_if action=reinterpret pc=0x00000000031f2718 method=com.google.gson.stream.JsonReader.doPeek()I @ 315
Event: 5.528 Thread 0x000000001ae55000 Uncommon trap: reason=unstable_if action=reinterpret pc=0x0000000002caf234 method=java.lang.String.lastIndexOf([CII[CIII)I @ 118
Event: 5.846 Thread 0x000000001af16800 Uncommon trap: reason=bimorphic action=maybe_recompile pc=0x0000000003040d98 method=java.util.Arrays.binarySearch0([Ljava/lang/Object;IILjava/lang/Object;Ljava/util/Comparator;)I @ 48
Event: 5.846 Thread 0x000000001af16800 Uncommon trap: reason=bimorphic action=maybe_recompile pc=0x0000000003040d98 method=java.util.Arrays.binarySearch0([Ljava/lang/Object;IILjava/lang/Object;Ljava/util/Comparator;)I @ 48
Event: 5.846 Thread 0x000000001af16800 Uncommon trap: reason=bimorphic action=maybe_recompile pc=0x0000000003040d98 method=java.util.Arrays.binarySearch0([Ljava/lang/Object;IILjava/lang/Object;Ljava/util/Comparator;)I @ 48
Event: 5.846 Thread 0x000000001af16800 Uncommon trap: reason=bimorphic action=maybe_recompile pc=0x0000000003040d98 method=java.util.Arrays.binarySearch0([Ljava/lang/Object;IILjava/lang/Object;Ljava/util/Comparator;)I @ 48
Event: 5.847 Thread 0x000000001af16800 Uncommon trap: reason=bimorphic action=maybe_recompile pc=0x000000000331614c method=java.util.Arrays.binarySearch0([Ljava/lang/Object;IILjava/lang/Object;Ljava/util/Comparator;)I @ 48
Event: 6.081 Thread 0x000000001d9e1000 Uncommon trap: reason=unstable_if action=reinterpret pc=0x00000000030836d8 method=java.util.concurrent.ConcurrentHashMap.putVal(Ljava/lang/Object;Ljava/lang/Object;Z)Ljava/lang/Object; @ 113
Event: 6.089 Thread 0x000000001d9e1000 Uncommon trap: reason=unstable_if action=reinterpret pc=0x000000000307525c method=java.util.concurrent.ConcurrentHashMap.addCount(JI)V @ 110

Classes redefined (0 events):
No events

Internal exceptions (10 events):
Event: 4.736 Thread 0x000000001ae55000 Exception <a 'java/lang/NoSuchMethodError': java.lang.Object.lambda$comparingInt$7b0bb60$1(Ljava/util/function/ToIntFunction;Ljava/lang/Object;Ljava/lang/Object;)I> (0x00000000e1fdd468) thrown at [D:\src\AOSP-openjdk-cygwin\jdk8u\hotspot\src\share\vm\inte
Event: 4.748 Thread 0x000000001ae55000 Implicit null exception at 0x0000000003123674 to 0x000000000312396d
Event: 4.964 Thread 0x000000001ae55000 Exception <a 'java/lang/ClassNotFoundException': com/android/build/gradle/internal/api/ApkVariantOutputImpl_DecoratedBeanInfo> (0x00000000e3098f58) thrown at [D:\src\AOSP-openjdk-cygwin\jdk8u\hotspot\src\share\vm\classfile\systemDictionary.cpp, line 210]
Event: 4.964 Thread 0x000000001ae55000 Exception <a 'java/lang/ClassNotFoundException': com/android/build/gradle/internal/api/ApkVariantOutputImplBeanInfo> (0x00000000e30b4dc8) thrown at [D:\src\AOSP-openjdk-cygwin\jdk8u\hotspot\src\share\vm\classfile\systemDictionary.cpp, line 210]
Event: 4.965 Thread 0x000000001ae55000 Exception <a 'java/lang/ClassNotFoundException': com/android/build/gradle/internal/api/BaseVariantOutputImplBeanInfo> (0x00000000e30d1f50) thrown at [D:\src\AOSP-openjdk-cygwin\jdk8u\hotspot\src\share\vm\classfile\systemDictionary.cpp, line 210]
Event: 4.965 Thread 0x000000001ae55000 Exception <a 'java/lang/ClassNotFoundException': com/android/build/gradle/internal/api/BaseVariantOutputImplCustomizer> (0x00000000e30ef5f0) thrown at [D:\src\AOSP-openjdk-cygwin\jdk8u\hotspot\src\share\vm\classfile\systemDictionary.cpp, line 210]
Event: 4.966 Thread 0x000000001ae55000 Exception <a 'java/lang/ClassNotFoundException': com/android/build/gradle/internal/api/ApkVariantOutputImplCustomizer> (0x00000000e31269b0) thrown at [D:\src\AOSP-openjdk-cygwin\jdk8u\hotspot\src\share\vm\classfile\systemDictionary.cpp, line 210]
Event: 4.966 Thread 0x000000001ae55000 Exception <a 'java/lang/ClassNotFoundException': com/android/build/gradle/internal/api/ApkVariantOutputImpl_DecoratedCustomizer> (0x00000000e31590c0) thrown at [D:\src\AOSP-openjdk-cygwin\jdk8u\hotspot\src\share\vm\classfile\systemDictionary.cpp, line 210
Event: 5.259 Thread 0x000000001ae55000 Exception <a 'java/lang/ClassNotFoundException': com/sun/org/glassfish/hk2/osgiresourcelocator/ServiceLoader> (0x00000000e509f0c0) thrown at [D:\src\AOSP-openjdk-cygwin\jdk8u\hotspot\src\share\vm\classfile\systemDictionary.cpp, line 210]
Event: 5.288 Thread 0x000000001ae55000 Exception <a 'java/lang/NullPointerException'> (0x00000000e5567ca0) thrown at [D:\src\AOSP-openjdk-cygwin\jdk8u\hotspot\src\share\vm\interpreter\linkResolver.cpp, line 1287]

Events (10 events):
Event: 6.119 loading class org/gradle/execution/ProjectExecutionServiceRegistry
Event: 6.119 loading class org/gradle/execution/ProjectExecutionServiceRegistry done
Event: 6.119 loading class org/gradle/api/internal/artifacts/transform/TransformationNode$ChainedTransformationNode$1
Event: 6.119 loading class org/gradle/api/internal/artifacts/transform/TransformationNode$ChainedTransformationNode$1 done
Event: 6.119 loading class org/gradle/api/internal/artifacts/transform/TransformationNode$ChainedTransformationNode$1
Event: 6.119 loading class org/gradle/api/internal/artifacts/transform/TransformationNode$ChainedTransformationNode$1 done
Event: 6.119 loading class org/gradle/api/internal/artifacts/transform/TransformationNode$ChainedTransformationNode$1
Event: 6.119 loading class org/gradle/api/internal/artifacts/transform/TransformationNode$ChainedTransformationNode$1 done
Event: 6.120 loading class org/gradle/api/internal/artifacts/transform/TransformationNode$ChainedTransformationNode$1
Event: 6.120 loading class org/gradle/api/internal/artifacts/transform/TransformationNode$ChainedTransformationNode$1 done


Dynamic libraries:
0x00007ff68a690000 - 0x00007ff68a6c1000 	C:\Program Files\Android\Android Studio\jre\bin\java.exe
0x00007fff20900000 - 0x00007fff20af0000 	C:\WINDOWS\SYSTEM32\ntdll.dll
0x00007fff1fb70000 - 0x00007fff1fc22000 	C:\WINDOWS\System32\KERNEL32.DLL
0x00007fff1e1e0000 - 0x00007fff1e483000 	C:\WINDOWS\System32\KERNELBASE.dll
0x00007fff1ee70000 - 0x00007fff1ef13000 	C:\WINDOWS\System32\ADVAPI32.dll
0x00007fff1fad0000 - 0x00007fff1fb6e000 	C:\WINDOWS\System32\msvcrt.dll
0x00007fff20350000 - 0x00007fff203e7000 	C:\WINDOWS\System32\sechost.dll
0x00007fff1f610000 - 0x00007fff1f730000 	C:\WINDOWS\System32\RPCRT4.dll
0x00007fff1ea80000 - 0x00007fff1ec14000 	C:\WINDOWS\System32\USER32.dll
0x00007fff1d890000 - 0x00007fff1d8b1000 	C:\WINDOWS\System32\win32u.dll
0x00007fff1ed70000 - 0x00007fff1ed96000 	C:\WINDOWS\System32\GDI32.dll
0x00007fff1e670000 - 0x00007fff1e804000 	C:\WINDOWS\System32\gdi32full.dll
0x00007fff1e140000 - 0x00007fff1e1de000 	C:\WINDOWS\System32\msvcp_win.dll
0x00007fff1d8c0000 - 0x00007fff1d9ba000 	C:\WINDOWS\System32\ucrtbase.dll
0x00007fff0ab90000 - 0x00007fff0ae15000 	C:\WINDOWS\WinSxS\amd64_microsoft.windows.common-controls_6595b64144ccf1df_6.0.18362.657_none_e6c5b579130e3898\COMCTL32.dll
0x00007fff20550000 - 0x00007fff20886000 	C:\WINDOWS\System32\combase.dll
0x00007fff1e5f0000 - 0x00007fff1e670000 	C:\WINDOWS\System32\bcryptPrimitives.dll
0x00007fff20890000 - 0x00007fff208be000 	C:\WINDOWS\System32\IMM32.DLL
0x0000000068850000 - 0x0000000068922000 	C:\Program Files\Android\Android Studio\jre\jre\bin\msvcr100.dll
0x00000000679e0000 - 0x0000000068226000 	C:\Program Files\Android\Android Studio\jre\jre\bin\server\jvm.dll
0x00007fff1ec20000 - 0x00007fff1ec28000 	C:\WINDOWS\System32\PSAPI.DLL
0x00007fff19e50000 - 0x00007fff19e59000 	C:\WINDOWS\SYSTEM32\WSOCK32.dll
0x00007fff1b4c0000 - 0x00007fff1b4e4000 	C:\WINDOWS\SYSTEM32\WINMM.dll
0x00007fff16d50000 - 0x00007fff16d5a000 	C:\WINDOWS\SYSTEM32\VERSION.dll
0x00007fff1f730000 - 0x00007fff1f79f000 	C:\WINDOWS\System32\WS2_32.dll
0x00007fff1b490000 - 0x00007fff1b4bd000 	C:\WINDOWS\SYSTEM32\WINMMBASE.dll
0x00007fff1e4f0000 - 0x00007fff1e53a000 	C:\WINDOWS\System32\cfgmgr32.dll
0x00007fff19de0000 - 0x00007fff19def000 	C:\Program Files\Android\Android Studio\jre\jre\bin\verify.dll
0x00007fff0c920000 - 0x00007fff0c949000 	C:\Program Files\Android\Android Studio\jre\jre\bin\java.dll
0x00007fff18c80000 - 0x00007fff18c96000 	C:\Program Files\Android\Android Studio\jre\jre\bin\zip.dll
0x00007fff1ef20000 - 0x00007fff1f605000 	C:\WINDOWS\System32\SHELL32.dll
0x00007fff1ecc0000 - 0x00007fff1ed69000 	C:\WINDOWS\System32\shcore.dll
0x00007fff1d9c0000 - 0x00007fff1e13f000 	C:\WINDOWS\System32\windows.storage.dll
0x00007fff1d850000 - 0x00007fff1d86f000 	C:\WINDOWS\System32\profapi.dll
0x00007fff1d800000 - 0x00007fff1d84a000 	C:\WINDOWS\System32\powrprof.dll
0x00007fff1d7d0000 - 0x00007fff1d7e0000 	C:\WINDOWS\System32\UMPDC.dll
0x00007fff1fa10000 - 0x00007fff1fa62000 	C:\WINDOWS\System32\shlwapi.dll
0x00007fff1d7e0000 - 0x00007fff1d7f1000 	C:\WINDOWS\System32\kernel.appcore.dll
0x00007fff1e960000 - 0x00007fff1e977000 	C:\WINDOWS\System32\cryptsp.dll
0x00007fff16b30000 - 0x00007fff16b4a000 	C:\Program Files\Android\Android Studio\jre\jre\bin\net.dll
0x00007fff0da20000 - 0x00007fff0dbf6000 	C:\WINDOWS\SYSTEM32\urlmon.dll
0x00007fff0d480000 - 0x00007fff0d726000 	C:\WINDOWS\SYSTEM32\iertutil.dll
0x00007fff1d210000 - 0x00007fff1d21c000 	C:\WINDOWS\SYSTEM32\CRYPTBASE.DLL
0x00007fff1d040000 - 0x00007fff1d0a7000 	C:\WINDOWS\system32\mswsock.dll
0x00007fff0eb70000 - 0x00007fff0eb83000 	C:\Program Files\Android\Android Studio\jre\jre\bin\nio.dll
0x00007ffee6eb0000 - 0x00007ffee6ed6000 	C:\Users\siriu\.gradle\native\30\windows-amd64\native-platform.dll
0x00007fff19dd0000 - 0x00007fff19ddd000 	C:\Program Files\Android\Android Studio\jre\jre\bin\management.dll
0x00007fff1cbb0000 - 0x00007fff1cbe3000 	C:\WINDOWS\system32\rsaenh.dll
0x00007fff1e980000 - 0x00007fff1e9a6000 	C:\WINDOWS\System32\bcrypt.dll
0x00007fff1d6f0000 - 0x00007fff1d715000 	C:\WINDOWS\SYSTEM32\USERENV.dll
0x00007fff1cd50000 - 0x00007fff1cd8a000 	C:\WINDOWS\SYSTEM32\IPHLPAPI.DLL
0x00007fff1ec30000 - 0x00007fff1ec38000 	C:\WINDOWS\System32\NSI.dll
0x00007fff12380000 - 0x00007fff12396000 	C:\WINDOWS\SYSTEM32\dhcpcsvc6.DLL
0x00007fff14300000 - 0x00007fff1431c000 	C:\WINDOWS\SYSTEM32\dhcpcsvc.DLL
0x00007fff1cd90000 - 0x00007fff1ce5a000 	C:\WINDOWS\SYSTEM32\DNSAPI.dll

VM Arguments:
jvm_args: -Xmx1536m -Dfile.encoding=windows-1251 -Duser.country=RU -Duser.language=ru -Duser.variant 
java_command: org.gradle.launcher.daemon.bootstrap.GradleDaemon 5.6.4
java_class_path (initial): C:\Users\siriu\.gradle\wrapper\dists\gradle-5.6.4-all\ankdp27end7byghfw1q2sw75f\gradle-5.6.4\lib\gradle-launcher-5.6.4.jar
Launcher Type: SUN_STANDARD

Environment Variables:
PATH=C:\Program Files (x86)\Common Files\Oracle\Java\javapath;C:\ProgramData\Oracle\Java\javapath;C:\WINDOWS\system32;C:\WINDOWS;C:\WINDOWS\System32\Wbem;C:\WINDOWS\System32\WindowsPowerShell\v1.0\;C:\WINDOWS\System32\OpenSSH\;C:\Program Files\dotnet\;C:\Program Files\Polyspace\R2019a\bin;C:\Program Files\NVIDIA Corporation\NVIDIA NvDLISR;C:\Program Files (x86)\NVIDIA Corporation\PhysX\Common;C:\Program Files (x86)\Windows Kits\10\Windows Performance Toolkit\;C:\Users\siriu\AppData\Local\Microsoft\WindowsApps;C:\Users\siriu\AppData\Local\Microsoft\WindowsApps;C:\Users\siriu\AppData\Local\GitHubDesktop\bin
USERNAME=siriu
OS=Windows_NT
PROCESSOR_IDENTIFIER=Intel64 Family 6 Model 142 Stepping 10, GenuineIntel



---------------  S Y S T E M  ---------------

OS: Windows 10.0 , 64 bit Build 18362 (10.0.18362.329)

CPU:total 8 (initial active 8) (4 cores per cpu, 2 threads per core) family 6 model 142 stepping 10, cmov, cx8, fxsr, mmx, sse, sse2, sse3, ssse3, sse4.1, sse4.2, popcnt, avx, avx2, aes, clmul, erms, 3dnowpref, lzcnt, ht, tsc, tscinvbit, bmi1, bmi2, adx

Memory: 4k page, physical 16658532k(1865012k free), swap 16658532k(5336k free)

vm_info: OpenJDK 64-Bit Server VM (25.212-b04) for windows-amd64 JRE (1.8.0_212-release-1586-b04), built by "builder" with MS VC++ 10.0 (VS2010)

time: Sat Mar 14 18:08:13 2020
timezone: Финляндия (зима)
elapsed time: 6 seconds (0d 0h 0m 6s)

