JvmtiExport can_access_local_variables 0
JvmtiExport can_hotswap_or_post_breakpoint 0
JvmtiExport can_post_on_exceptions 0
# 458 ciObject found
ciMethod java/lang/Object <init> ()V 4097 1 1563812 0 0
ciMethod java/lang/Object getClass ()Ljava/lang/Class; 2049 1 256 0 -1
ciMethod java/lang/String <init> ([CII)V 2921 1 5527 0 704
ciMethod java/lang/String format (Ljava/lang/String;[Ljava/lang/Object;)Ljava/lang/String; 17 1 209 0 -1
ciMethod java/lang/Class isArray ()Z 2049 1 256 0 -1
ciMethod java/lang/Class isPrimitive ()Z 3073 1 384 0 -1
ciMethod java/lang/Class getName ()Ljava/lang/String; 649 1 58812 0 -1
ciMethod java/lang/Class getClassLoader ()Ljava/lang/ClassLoader; 2097 1 22638 0 96
ciMethod java/lang/Class getClassLoader0 ()Ljava/lang/ClassLoader; 1033 1 129 0 0
ciMethod java/lang/Class getSuperclass ()Ljava/lang/Class; 3081 1 385 0 -1
ciMethod java/lang/Class getInterfaces ()[Ljava/lang/Class; 9 1 5200 0 -1
ciMethod java/lang/Class getComponentType ()Ljava/lang/Class; 3089 1 386 0 -1
ciMethod java/lang/Class getModifiers ()I 2057 1 257 0 -1
ciMethod java/lang/Class getCanonicalName ()Ljava/lang/String; 193 1 24 0 -1
ciMethod java/lang/Class getMethod (Ljava/lang/String;[Ljava/lang/Class;)Ljava/lang/reflect/Method; 2097 1 2516 76 -1
ciMethod java/lang/Class isEnum ()Z 2073 1 752 0 -1
ciMethod java/lang/Class getEnumConstantsShared ()[Ljava/lang/Object; 2225 1 489 0 -1
ciMethod java/lang/Class enumConstantDirectory ()Ljava/util/Map; 3913 4369 488 0 -1
ciMethod java/lang/ClassLoader checkClassLoaderPermission (Ljava/lang/ClassLoader;Ljava/lang/Class;)V 0 0 1 0 -1
ciMethod java/lang/System getSecurityManager ()Ljava/lang/SecurityManager; 2081 1 193516 0 0
ciMethod java/lang/System arraycopy (Ljava/lang/Object;ILjava/lang/Object;II)V 4097 1 512 0 -1
ciMethod java/util/Map get (Ljava/lang/Object;)Ljava/lang/Object; 0 0 1 0 -1
ciMethod java/util/Map put (Ljava/lang/Object;Ljava/lang/Object;)Ljava/lang/Object; 0 0 1 0 -1
ciMethod java/lang/reflect/AccessibleObject checkAccess (Ljava/lang/Class;Ljava/lang/Class;Ljava/lang/Object;I)V 41 1 74 0 0
ciMethod java/lang/reflect/AccessibleObject slowCheckMemberAccess (Ljava/lang/Class;Ljava/lang/Class;Ljava/lang/Object;ILjava/lang/Class;)V 129 1 16 0 -1
ciMethod java/lang/reflect/Method invoke (Ljava/lang/Object;[Ljava/lang/Object;)Ljava/lang/Object; 2089 1 6508 0 -1
ciMethod java/lang/reflect/Constructor getDeclaringClass ()Ljava/lang/Class; 1057 1 132 0 -1
ciMethod java/lang/reflect/Constructor getModifiers ()I 1073 1 134 0 -1
ciMethod java/lang/reflect/Constructor getParameterTypes ()[Ljava/lang/Class; 2089 1 10091 0 -1
ciMethod java/lang/reflect/Constructor getExceptionTypes ()[Ljava/lang/Class; 929 1 355 0 -1
ciMethod java/lang/reflect/Constructor newInstance ([Ljava/lang/Object;)Ljava/lang/Object; 3145 1 60645 0 0
ciMethod java/lang/reflect/Constructor acquireConstructorAccessor ()Lsun/reflect/ConstructorAccessor; 1465 1 787 0 0
ciMethod java/lang/reflect/Constructor getConstructorAccessor ()Lsun/reflect/ConstructorAccessor; 1025 1 128 0 0
ciMethod java/lang/reflect/Constructor setConstructorAccessor (Lsun/reflect/ConstructorAccessor;)V 2065 1 1644 0 0
ciMethod sun/reflect/MagicAccessorImpl <init> ()V 2049 1 3268 0 -1
ciMethod sun/reflect/ConstructorAccessor newInstance ([Ljava/lang/Object;)Ljava/lang/Object; 0 0 1 0 -1
ciMethod sun/reflect/ConstructorAccessorImpl <init> ()V 2057 1 1454 0 -1
ciMethod java/lang/AbstractStringBuilder <init> (I)V 1257 1 130973 0 0
ciMethod java/lang/StringBuilder <init> ()V 953 1 101303 0 192
ciMethod java/lang/StringBuilder append (Ljava/lang/String;)Ljava/lang/StringBuilder; 2089 1 246852 0 -1
ciMethod java/lang/StringBuilder append ([CII)Ljava/lang/StringBuilder; 2577 1 13588 0 -1
ciMethod java/lang/StringBuilder toString ()Ljava/lang/String; 1033 1 107744 0 832
ciMethod java/io/InputStream read ()I 0 0 1 0 -1
ciMethod java/io/InputStream read ([BII)I 9 1521 1 0 -1
ciMethod java/lang/Byte valueOf (B)Ljava/lang/Byte; 2049 1 705 0 -1
ciMethod java/lang/Integer valueOf (I)Ljava/lang/Integer; 537 1 111039 0 -1
ciMethod java/lang/Long valueOf (J)Ljava/lang/Long; 3073 1 5612 0 -1
ciMethod java/lang/Long longValue ()J 985 1 3622 0 -1
ciMethod java/lang/NullPointerException <init> (Ljava/lang/String;)V 0 0 1 0 -1
ciMethod java/security/AccessController doPrivileged (Ljava/security/PrivilegedAction;)Ljava/lang/Object; 2049 1 256 0 -1
ciMethod sun/reflect/ReflectionFactory newConstructorAccessor (Ljava/lang/reflect/Constructor;)Lsun/reflect/ConstructorAccessor; 2057 1 788 0 0
ciMethod sun/reflect/ReflectionFactory checkInitted ()V 2049 1 1742 0 -1
ciMethod sun/misc/SharedSecrets getJavaSecurityAccess ()Lsun/misc/JavaSecurityAccess; 9 1 1 0 -1
ciMethod sun/reflect/Reflection getCallerClass ()Ljava/lang/Class; 3073 1 384 0 -1
ciMethod sun/reflect/Reflection getClassAccessFlags (Ljava/lang/Class;)I 3089 1 386 0 -1
ciMethod sun/reflect/Reflection quickCheckMemberAccess (Ljava/lang/Class;I)Z 913 1 4233 0 0
ciMethod sun/reflect/Reflection ensureMemberAccess (Ljava/lang/Class;Ljava/lang/Class;Ljava/lang/Object;I)V 209 1 26 0 -1
ciMethod sun/reflect/Reflection verifyMemberAccess (Ljava/lang/Class;Ljava/lang/Class;Ljava/lang/Object;I)Z 209 1 26 0 -1
ciMethod sun/reflect/Reflection isSubclassOf (Ljava/lang/Class;Ljava/lang/Class;)Z 2049 6785 788 0 -1
ciMethod java/util/HashMap <init> (I)V 2057 1 9551 0 -1
ciMethod java/lang/Math min (II)I 3121 1 142378 0 -1
ciMethod java/lang/Math min (JJ)J 4113 1 8191 0 0
ciMethod java/lang/reflect/Modifier isPublic (I)Z 1217 1 16878 0 0
ciMethod java/lang/reflect/Modifier isProtected (I)Z 1201 1 2978 0 -1
ciMethod java/lang/reflect/Modifier isAbstract (I)Z 2049 1 19635 0 -1
ciMethod java/lang/reflect/Modifier toString (I)Ljava/lang/String; 3193 1 4333 0 -1
ciMethod java/util/Arrays copyOfRange ([CII)[C 3113 1 5568 0 512
ciMethod sun/reflect/NativeConstructorAccessorImpl <init> (Ljava/lang/reflect/Constructor;)V 1681 1 667 0 -1
ciMethod sun/reflect/NativeConstructorAccessorImpl setParent (Lsun/reflect/DelegatingConstructorAccessorImpl;)V 1681 1 668 0 -1
ciMethod sun/reflect/DelegatingConstructorAccessorImpl <init> (Lsun/reflect/ConstructorAccessorImpl;)V 1681 1 667 0 -1
ciMethod sun/reflect/misc/ReflectUtil checkPackageAccess (Ljava/lang/Class;)V 2649 1 15038 0 1504
ciMethod sun/reflect/misc/ReflectUtil checkPackageAccess (Ljava/lang/String;)V 2745 1 9619 0 -1
ciMethod sun/reflect/misc/ReflectUtil needsPackageAccessCheck (Ljava/lang/ClassLoader;Ljava/lang/ClassLoader;)Z 0 0 1 0 -1
ciMethod sun/reflect/misc/ReflectUtil checkProxyPackageAccess (Ljava/lang/Class;)V 0 0 1 0 -1
ciMethod sun/reflect/misc/ReflectUtil checkProxyPackageAccess (Ljava/lang/ClassLoader;[Ljava/lang/Class;)V 0 0 1 0 -1
ciMethod sun/reflect/misc/ReflectUtil isNonPublicProxyClass (Ljava/lang/Class;)Z 1 1 9503 0 -1
ciMethod sun/reflect/misc/ReflectUtil isVMAnonymousClass (Ljava/lang/Class;)Z 1553 1 1255 0 -1
ciMethod java/lang/Enum name ()Ljava/lang/String; 1265 1 158 0 -1
ciMethod java/lang/Enum valueOf (Ljava/lang/Class;Ljava/lang/String;)Ljava/lang/Enum; 3913 1 488 3 0
ciMethodData java/lang/Object <init> ()V 2 1563812 orig 264 8 206 248 103 0 0 0 0 128 4 183 21 0 0 0 0 32 1 0 0 0 0 0 0 0 0 0 0 0 0 0 0 0 0 0 0 0 0 0 0 0 0 0 0 0 0 0 0 0 0 0 0 0 0 0 0 0 0 0 0 0 0 0 0 0 0 0 0 0 0 0 0 0 0 0 0 0 0 0 0 77 68 79 32 101 120 116 114 97 32 100 97 116 97 32 108 111 99 107 0 0 0 0 0 0 0 0 0 0 0 0 0 0 0 0 0 0 0 0 0 0 0 0 0 0 0 0 0 0 0 0 0 0 0 0 0 0 0 0 0 0 0 0 0 0 0 0 0 0 0 0 0 0 0 0 0 0 0 0 0 0 0 0 0 0 0 0 0 0 0 0 0 0 0 0 0 0 0 0 0 0 0 0 0 1 0 0 0 0 0 0 0 1 0 0 0 0 0 0 0 1 0 0 0 0 0 0 0 0 0 0 0 0 0 0 0 0 2 0 0 33 213 190 0 1 0 0 0 0 0 0 0 0 0 0 0 2 0 0 0 0 0 3 0 1 0 0 0 0 0 0 0 255 255 255 255 0 0 0 0 0 0 0 0 data 0 oops 0
ciMethod java/lang/IllegalArgumentException <init> (Ljava/lang/String;)V 0 0 5 0 -1
ciMethod java/lang/reflect/Array newInstance (Ljava/lang/Class;I)Ljava/lang/Object; 841 1 4211 0 -1
ciMethod java/lang/reflect/Array getLength (Ljava/lang/Object;)I 2057 1 257 0 -1
ciMethodData java/util/Arrays copyOfRange ([CII)[C 2 5568 orig 264 8 206 248 103 0 0 0 0 112 183 200 21 0 0 0 0 120 2 0 0 240 0 0 0 0 0 0 0 0 0 0 0 0 0 0 0 0 0 0 0 0 0 0 0 0 0 0 0 0 0 0 0 0 0 0 0 0 0 0 0 0 0 0 0 0 0 0 0 0 0 0 0 0 0 0 0 0 0 0 0 77 68 79 32 101 120 116 114 97 32 100 97 116 97 32 108 111 99 107 0 0 0 0 0 0 0 0 0 0 0 0 0 0 0 0 0 0 0 0 0 0 0 0 0 0 0 0 0 0 0 0 0 0 0 0 0 0 0 0 0 0 0 0 0 0 0 0 0 0 0 0 0 0 0 0 0 0 0 0 0 0 0 0 0 0 0 0 0 0 0 0 0 0 0 0 0 0 0 0 0 0 0 0 0 29 0 0 0 0 0 0 0 0 0 0 0 0 0 0 0 0 0 0 0 0 0 0 0 0 0 0 0 0 0 0 0 133 1 0 0 217 161 0 0 1 0 0 0 0 0 0 0 0 0 0 0 2 0 0 0 0 0 9 0 2 0 0 0 32 1 0 0 255 255 255 255 7 0 5 0 0 0 0 0 data 36 0x50007 0x143b 0x100 0x0 0x100002 0x0 0x140005 0x0 0x0 0x0 0x0 0x0 0x190005 0x0 0x0 0x0 0x0 0x0 0x1d0005 0x0 0x0 0x0 0x0 0x0 0x200005 0x0 0x0 0x0 0x0 0x0 0x230002 0x0 0x360002 0x143b 0x390002 0x143b oops 0
ciMethodData java/lang/StringBuilder <init> ()V 2 101303 orig 264 8 206 248 103 0 0 0 0 152 143 190 21 0 0 0 0 48 1 0 0 0 0 0 0 0 0 0 0 0 0 0 0 0 0 0 0 0 0 0 0 0 0 0 0 0 0 0 0 0 0 0 0 0 0 0 0 0 0 0 0 0 0 0 0 0 0 0 0 0 0 0 0 0 0 0 0 0 0 0 0 77 68 79 32 101 120 116 114 97 32 100 97 116 97 32 108 111 99 107 0 0 0 0 0 0 0 0 0 0 0 0 0 0 0 0 0 0 0 0 0 0 0 0 0 0 0 0 0 0 0 0 0 0 0 0 0 0 0 0 0 0 0 0 0 0 0 0 0 0 0 0 0 0 0 0 0 0 0 0 0 0 0 0 0 0 0 0 0 0 0 0 0 0 0 0 0 0 0 0 0 0 0 0 0 1 0 0 0 0 0 0 0 0 0 0 0 0 0 0 0 1 0 0 0 0 0 0 0 0 0 0 0 0 0 0 0 119 0 0 0 1 90 12 0 1 0 0 0 0 0 0 0 0 0 0 0 2 0 0 0 0 0 3 0 2 0 0 0 16 0 0 0 255 255 255 255 2 0 3 0 0 0 0 0 data 2 0x30002 0x18b43 oops 0
ciMethodData java/lang/AbstractStringBuilder <init> (I)V 2 130973 orig 264 8 206 248 103 0 0 0 0 200 82 190 21 0 0 0 0 56 1 0 0 0 0 0 0 0 0 0 0 0 0 0 0 0 0 0 0 0 0 0 0 0 0 0 0 0 0 0 0 0 0 0 0 0 0 0 0 0 0 0 0 0 0 0 0 0 0 0 0 0 0 0 0 0 0 0 0 0 0 0 0 77 68 79 32 101 120 116 114 97 32 100 97 116 97 32 108 111 99 107 0 0 0 0 0 0 0 0 0 0 0 0 0 0 0 0 0 0 0 0 0 0 0 0 0 0 0 0 0 0 0 0 0 0 0 0 0 0 0 0 0 0 0 0 0 0 0 0 0 0 0 0 0 0 0 0 0 0 0 0 0 0 0 0 0 0 0 0 0 0 0 0 0 0 0 0 0 0 0 0 0 0 0 0 0 9 0 0 0 0 0 0 0 0 0 0 0 0 0 0 0 1 0 0 0 0 0 0 0 0 0 0 0 0 0 0 0 157 0 0 0 1 248 15 0 1 0 0 0 0 0 0 0 0 0 0 0 2 0 0 0 0 0 3 0 2 0 0 0 16 0 0 0 255 255 255 255 2 0 1 0 0 0 0 0 data 2 0x10002 0x1ff05 oops 0
ciMethodData java/lang/StringBuilder toString ()Ljava/lang/String; 2 107744 orig 264 8 206 248 103 0 0 0 0 96 166 190 21 0 0 0 0 48 1 0 0 0 0 0 0 0 0 0 0 0 0 0 0 0 0 0 0 0 0 0 0 0 0 0 0 0 0 0 0 0 0 0 0 0 0 0 0 0 0 0 0 0 0 0 0 0 0 0 0 0 0 0 0 0 0 0 0 0 0 0 0 77 68 79 32 101 120 116 114 97 32 100 97 116 97 32 108 111 99 107 0 0 0 0 0 0 0 0 0 0 0 0 0 0 0 0 0 0 0 0 0 0 0 0 0 0 0 0 0 0 0 0 0 0 0 0 0 0 0 0 0 0 0 0 0 0 0 0 0 0 0 0 0 0 0 0 0 0 0 0 0 0 0 0 0 0 0 0 0 0 0 0 0 0 0 0 0 0 0 0 0 0 0 0 0 29 0 0 0 0 0 0 0 0 0 0 0 0 0 0 0 1 0 0 0 0 0 0 0 0 0 0 0 0 0 0 0 129 0 0 0 249 34 13 0 1 0 0 0 0 0 0 0 0 0 0 0 2 0 0 0 0 0 3 0 2 0 0 0 16 0 0 0 255 255 255 255 2 0 13 0 0 0 0 0 data 2 0xd0002 0x1a458 oops 0
ciMethodData java/lang/String <init> ([CII)V 2 5527 orig 264 8 206 248 103 0 0 0 0 160 49 183 21 0 0 0 0 80 2 0 0 208 0 0 0 0 0 0 0 0 0 0 0 0 0 0 0 0 0 0 0 0 0 0 0 0 0 0 0 0 0 0 0 0 0 0 0 0 0 0 0 0 0 0 0 0 0 0 0 0 0 0 0 0 0 0 0 0 0 0 0 77 68 79 32 101 120 116 114 97 32 100 97 116 97 32 108 111 99 107 0 0 0 0 0 0 0 0 0 0 0 0 0 0 0 0 0 0 0 0 0 0 0 0 0 0 0 0 0 0 0 0 0 0 0 0 0 0 0 0 0 0 0 0 0 0 0 0 0 0 0 0 0 0 0 0 0 0 0 0 0 0 0 0 0 0 0 0 0 0 0 0 0 0 0 0 0 0 0 0 0 0 0 0 0 25 0 0 0 0 0 0 0 0 0 0 0 0 0 0 0 1 0 0 0 0 0 0 0 0 0 0 0 0 0 0 0 109 1 0 0 81 161 0 0 1 0 0 0 0 0 0 0 0 0 0 0 2 0 0 0 0 0 14 0 2 0 0 0 240 0 0 0 255 255 255 255 2 0 1 0 0 0 0 0 data 30 0x10002 0x142a 0x50007 0x142a 0x30 0x0 0xd0002 0x0 0x120007 0x141e 0x70 0xc 0x160007 0xc 0x30 0x0 0x1e0002 0x0 0x250007 0x0 0x20 0xc 0x370007 0x141e 0x30 0x0 0x410002 0x0 0x4b0002 0x141e oops 0
ciMethodData java/lang/System getSecurityManager ()Ljava/lang/SecurityManager; 2 193516 orig 264 8 206 248 103 0 0 0 0 120 151 184 21 0 0 0 0 24 1 0 0 0 0 0 0 0 0 0 0 0 0 0 0 0 0 0 0 0 0 0 0 0 0 0 0 0 0 0 0 0 0 0 0 0 0 0 0 0 0 0 0 0 0 0 0 0 0 0 0 0 0 0 0 0 0 0 0 0 0 0 0 77 68 79 32 101 120 116 114 97 32 100 97 116 97 32 108 111 99 107 0 0 0 0 0 0 0 0 0 0 0 0 0 0 0 0 0 0 0 0 0 0 0 0 0 0 0 0 0 0 0 0 0 0 0 0 0 0 0 0 0 0 0 0 0 0 0 0 0 0 0 0 0 0 0 0 0 0 0 0 0 0 0 0 0 0 0 0 0 0 0 0 0 0 0 0 0 0 0 0 0 0 0 0 0 0 0 0 0 0 0 0 0 0 0 0 0 0 0 0 0 0 0 0 0 0 0 0 0 0 0 0 0 0 0 0 0 4 1 0 0 65 151 23 0 1 0 0 0 0 0 0 0 0 0 0 0 2 0 0 0 0 0 3 0 1 0 0 0 0 0 0 0 255 255 255 255 0 0 0 0 0 0 0 0 data 0 oops 0
ciMethod java/lang/IllegalStateException <init> (Ljava/lang/String;)V 0 0 1 0 -1
ciMethod java/io/EOFException <init> ()V 9 1 1 0 -1
ciMethod java/lang/UnsupportedOperationException <init> ()V 0 0 1 0 -1
ciMethod java/lang/reflect/Proxy isProxyClass (Ljava/lang/Class;)Z 3345 1 9646 0 -1
ciMethod java/lang/reflect/InvocationTargetException getTargetException ()Ljava/lang/Throwable; 0 0 1 0 -1
ciMethod java/lang/IllegalAccessException <init> (Ljava/lang/String;)V 0 0 1 0 -1
ciMethodData java/lang/Class getClassLoader ()Ljava/lang/ClassLoader; 2 22638 orig 264 8 206 248 103 0 0 0 0 192 201 183 21 0 0 0 0 232 1 0 0 80 0 0 0 0 0 0 0 0 0 0 0 0 0 0 0 0 0 0 0 0 0 0 0 0 0 0 0 0 0 0 0 0 0 0 0 0 0 0 0 0 0 0 0 0 0 0 0 0 0 0 0 0 0 0 0 0 0 0 0 77 68 79 32 101 120 116 114 97 32 100 97 116 97 32 108 111 99 107 0 0 0 0 0 0 0 0 0 0 0 0 0 0 0 0 0 0 0 0 0 0 0 0 0 0 0 0 0 0 0 0 0 0 0 0 0 0 0 0 0 0 0 0 0 0 0 0 0 0 0 0 0 0 0 0 0 0 0 0 0 0 0 0 0 0 0 0 0 0 0 0 0 0 0 0 0 0 0 0 0 0 0 0 0 0 0 0 0 0 0 0 0 0 0 0 0 0 0 0 0 0 0 0 0 0 0 0 0 0 0 0 0 0 0 0 0 6 1 0 0 65 187 2 0 1 0 0 0 0 0 0 0 0 0 0 0 2 0 0 0 1 0 30 0 2 0 0 0 160 0 0 0 255 255 255 255 5 0 1 0 0 0 0 0 data 20 0x10005 0x18 0x277fa30 0x5752 0x0 0x0 0x60007 0x3528 0x20 0x2253 0xb0002 0x3528 0x100007 0x3529 0x40 0x0 0x140002 0x0 0x170002 0x0 oops 1 2 java/lang/Class
ciMethod java/io/DataInputStream readUnsignedShort ()I 4097 1 3284 0 -1
ciMethod java/io/DataInputStream readInt ()I 4097 1 6730 0 256
ciMethod java/io/DataInputStream readLong ()J 4097 1 9327 0 -1
ciMethodData java/io/DataInputStream readInt ()I 2 6730 orig 264 8 206 248 103 0 0 0 0 72 110 244 21 0 0 0 0 56 2 0 0 0 0 0 0 0 0 0 0 0 0 0 0 0 0 0 0 0 0 0 0 0 0 0 0 0 0 0 0 0 0 0 0 0 0 0 0 0 0 0 0 0 0 0 0 0 0 0 0 0 0 0 0 0 0 0 0 0 0 0 0 77 68 79 32 101 120 116 114 97 32 100 97 116 97 32 108 111 99 107 0 0 0 0 0 0 0 0 0 0 0 0 0 0 0 0 0 0 0 0 0 0 0 0 0 0 0 0 0 0 0 0 0 0 0 0 0 0 0 0 0 0 0 0 0 0 0 0 0 0 0 0 0 0 0 0 0 0 0 0 0 0 0 0 0 0 0 0 0 0 0 0 0 0 0 0 0 0 0 0 0 0 0 0 0 0 0 0 0 0 0 0 0 0 0 0 0 0 0 0 0 0 0 0 0 0 0 0 0 0 0 0 0 0 0 0 0 0 2 0 0 81 194 0 0 1 0 0 0 0 0 0 0 0 0 0 0 2 0 0 0 0 0 5 0 2 0 0 0 240 0 0 0 255 255 255 255 5 0 4 0 0 0 0 0 data 30 0x40005 0x343 0x1f2a3c10 0x1501 0x16562260 0x6 0xc0005 0x343 0x1f2a3c10 0x1501 0x16562260 0x6 0x140005 0x343 0x1f2a3c10 0x1501 0x16562260 0x6 0x1c0005 0x343 0x1f2a3c10 0x1501 0x16562260 0x6 0x290007 0x184a 0x30 0x0 0x300002 0x0 oops 8 2 java/io/BufferedInputStream 4 java/io/ByteArrayInputStream 8 java/io/BufferedInputStream 10 java/io/ByteArrayInputStream 14 java/io/BufferedInputStream 16 java/io/ByteArrayInputStream 20 java/io/BufferedInputStream 22 java/io/ByteArrayInputStream
ciMethod java/io/InvalidObjectException <init> (Ljava/lang/String;)V 0 0 1 0 -1
ciMethodData java/lang/reflect/Modifier isPublic (I)Z 2 16878 orig 264 8 206 248 103 0 0 0 0 72 8 200 21 0 0 0 0 88 1 0 0 0 0 0 0 0 0 0 0 0 0 0 0 0 0 0 0 0 0 0 0 0 0 0 0 0 0 0 0 0 0 0 0 0 0 0 0 0 0 0 0 0 0 0 0 0 0 0 0 0 0 0 0 0 0 0 0 0 0 0 0 77 68 79 32 101 120 116 114 97 32 100 97 116 97 32 108 111 99 107 0 0 0 0 0 0 0 0 0 0 0 0 0 0 0 0 0 0 0 0 0 0 0 0 0 0 0 0 0 0 0 0 0 0 0 0 0 0 0 0 0 0 0 0 0 0 0 0 0 0 0 0 0 0 0 0 0 0 0 0 0 0 0 0 0 0 0 0 0 0 0 0 0 0 0 0 0 0 0 0 0 0 0 0 0 0 0 0 0 0 0 0 0 0 0 0 0 0 0 0 0 0 0 0 0 0 0 0 0 0 0 0 0 0 0 0 0 152 0 0 0 177 10 2 0 1 0 0 0 0 0 0 0 0 0 0 0 2 0 0 0 0 0 6 0 2 0 0 0 56 0 0 0 255 255 255 255 7 0 3 0 0 0 0 0 data 7 0x30007 0xba8 0x38 0x35b2 0x70003 0x35b2 0x18 oops 0
ciMethod java/lang/InternalError <init> ()V 0 0 1 0 -1
ciMethod java/lang/InternalError <init> (Ljava/lang/Throwable;)V 0 0 1 0 -1
ciMethod java/io/StreamCorruptedException <init> (Ljava/lang/String;)V 0 0 1 0 -1
ciMethod sun/reflect/MethodAccessorGenerator <init> ()V 225 1 150 0 -1
ciMethod sun/reflect/MethodAccessorGenerator generateConstructor (Ljava/lang/Class;[Ljava/lang/Class;[Ljava/lang/Class;I)Lsun/reflect/ConstructorAccessor; 49 1 52 0 -1
ciMethod java/io/ObjectInputStream resolveClass (Ljava/io/ObjectStreamClass;)Ljava/lang/Class; 0 0 1 0 -1
ciMethod java/io/ObjectInputStream resolveProxyClass ([Ljava/lang/String;)Ljava/lang/Class; 0 0 1 0 -1
ciMethod java/io/ObjectInputStream resolveObject (Ljava/lang/Object;)Ljava/lang/Object; 0 0 1 0 -1
ciMethod java/io/ObjectInputStream readClassDescriptor ()Ljava/io/ObjectStreamClass; 7257 1 1445 0 -1
ciMethod java/io/ObjectInputStream filterCheck (Ljava/lang/Class;I)V 4121 1 72760 0 64
ciMethod java/io/ObjectInputStream clear ()V 0 0 1 0 -1
ciMethod java/io/ObjectInputStream readObject0 (Z)Ljava/lang/Object; 4097 1 87445 0 -1
ciMethod java/io/ObjectInputStream checkResolve (Ljava/lang/Object;)Ljava/lang/Object; 4121 1 59148 0 0
ciMethod java/io/ObjectInputStream readNull ()Ljava/lang/Object; 4097 1 17276 0 0
ciMethod java/io/ObjectInputStream readHandle (Z)Ljava/lang/Object; 3777 1 69511 0 0
ciMethod java/io/ObjectInputStream readClass (Z)Ljava/lang/Class; 153 1 89 0 0
ciMethod java/io/ObjectInputStream readClassDesc (Z)Ljava/io/ObjectStreamClass; 4105 1 57673 0 0
ciMethod java/io/ObjectInputStream isCustomSubclass ()Z 4105 1 1456 0 0
ciMethod java/io/ObjectInputStream readProxyDesc (Z)Ljava/io/ObjectStreamClass; 0 0 1 0 0
ciMethod java/io/ObjectInputStream readNonProxyDesc (Z)Ljava/io/ObjectStreamClass; 4105 1 1457 0 0
ciMethod java/io/ObjectInputStream readString (Z)Ljava/lang/String; 4097 1 4277 0 0
ciMethod java/io/ObjectInputStream readArray (Z)Ljava/lang/Object; 89 1313 96 0 0
ciMethod java/io/ObjectInputStream readEnum (Z)Ljava/lang/Enum; 529 1 261 0 0
ciMethod java/io/ObjectInputStream readOrdinaryObject (Z)Ljava/lang/Object; 2145 1 55671 0 0
ciMethod java/io/ObjectInputStream readExternalData (Ljava/io/Externalizable;Ljava/io/ObjectStreamClass;)V 0 0 1 0 -1
ciMethod java/io/ObjectInputStream readSerialData (Ljava/lang/Object;Ljava/io/ObjectStreamClass;)V 4081 8193 55867 0 -1
ciMethod java/io/ObjectInputStream skipCustomData ()V 4097 1 3616 0 0
ciMethod java/io/ObjectInputStream defaultReadFields (Ljava/lang/Object;Ljava/io/ObjectStreamClass;)V 4113 7137 55503 0 -1
ciMethod java/io/ObjectInputStream readFatalException ()Ljava/io/IOException; 0 0 1 0 0
ciMethod java/io/ObjectInputStream handleReset ()V 0 0 1 0 -1
ciMethod java/io/ObjectInputStream cloneArray (Ljava/lang/Object;)Ljava/lang/Object; 0 0 1 0 -1
ciMethod java/io/ObjectInputStream validateDescriptor (Ljava/io/ObjectStreamClass;)V 4097 1 57415 0 0
ciMethod sun/misc/ObjectStreamClassValidator validateDescriptor (Ljava/io/ObjectStreamClass;)V 0 0 1 0 -1
ciMethod java/io/ObjectInputStream$BlockDataInputStream setBlockDataMode (Z)Z 3073 1 8652 0 128
ciMethod java/io/ObjectInputStream$BlockDataInputStream getBlockDataMode ()Z 1097 1 137 0 0
ciMethod java/io/ObjectInputStream$BlockDataInputStream skipBlockData ()V 4097 4121 3614 0 -1
ciMethod java/io/ObjectInputStream$BlockDataInputStream readBlockHeader (Z)I 4097 1 5776 0 -1
ciMethod java/io/ObjectInputStream$BlockDataInputStream refill ()V 505 105 3912 0 -1
ciMethod java/io/ObjectInputStream$BlockDataInputStream currentBlockRemaining ()I 2353 1 27690 0 96
ciMethod java/io/ObjectInputStream$BlockDataInputStream peek ()I 2089 1 8127 0 192
ciMethod java/io/ObjectInputStream$BlockDataInputStream peekByte ()B 2089 1 144678 0 192
ciMethod java/io/ObjectInputStream$BlockDataInputStream read ()I 2217 1 10698 0 -1
ciMethod java/io/ObjectInputStream$BlockDataInputStream readFully ([BIIZ)V 4105 1313 57164 0 -1
ciMethod java/io/ObjectInputStream$BlockDataInputStream readByte ()B 2057 1 145089 0 2400
ciMethod java/io/ObjectInputStream$BlockDataInputStream readUnsignedShort ()I 4169 1 8183 0 0
ciMethod java/io/ObjectInputStream$BlockDataInputStream readInt ()I 4097 1 70773 0 0
ciMethod java/io/ObjectInputStream$BlockDataInputStream readLong ()J 7249 1 1443 0 -1
ciMethod java/io/ObjectInputStream$BlockDataInputStream readUTF ()Ljava/lang/String; 4113 1 8184 0 0
ciMethod java/io/ObjectInputStream$BlockDataInputStream readBooleans ([ZII)V 0 0 1 0 -1
ciMethod java/io/ObjectInputStream$BlockDataInputStream readChars ([CII)V 0 0 1 0 -1
ciMethod java/io/ObjectInputStream$BlockDataInputStream readShorts ([SII)V 0 0 1 0 -1
ciMethod java/io/ObjectInputStream$BlockDataInputStream readInts ([III)V 0 0 1 0 -1
ciMethod java/io/ObjectInputStream$BlockDataInputStream readFloats ([FII)V 0 0 1 0 -1
ciMethod java/io/ObjectInputStream$BlockDataInputStream readLongs ([JII)V 0 0 1 0 -1
ciMethod java/io/ObjectInputStream$BlockDataInputStream readDoubles ([DII)V 0 0 1 0 -1
ciMethod java/io/ObjectInputStream$BlockDataInputStream readLongUTF ()Ljava/lang/String; 0 0 1 0 0
ciMethod java/io/ObjectInputStream$BlockDataInputStream readUTFBody (J)Ljava/lang/String; 4105 8153 8189 0 0
ciMethod java/io/ObjectInputStream$BlockDataInputStream readUTFSpan (Ljava/lang/StringBuilder;J)J 1353 33097 2821 0 -1
ciMethod java/io/ObjectInputStream$BlockDataInputStream readUTFChar (Ljava/lang/StringBuilder;J)I 0 0 1 0 -1
ciMethod java/io/ObjectInputStream$BlockDataInputStream getBytesRead ()J 0 0 1 0 -1
ciMethod java/io/ObjectInputStream$PeekInputStream peek ()I 2625 1 9207 0 128
ciMethod java/io/ObjectInputStream$PeekInputStream read ()I 2873 1 9392 0 -1
ciMethod java/io/ObjectInputStream$PeekInputStream read ([BII)I 3137 1 7982 0 320
ciMethod java/io/ObjectInputStream$PeekInputStream readFully ([BII)V 3177 3177 8028 0 576
ciMethod java/io/ObjectInputStream$HandleTable assign (Ljava/lang/Object;)I 4097 1 61997 0 0
ciMethod java/io/ObjectInputStream$HandleTable markDependency (II)V 4097 1 87727 0 -1
ciMethod java/io/ObjectInputStream$HandleTable markException (ILjava/lang/ClassNotFoundException;)V 0 0 1 0 0
ciMethod java/io/ObjectInputStream$HandleTable finish (I)V 4097 4305 37438 0 256
ciMethod java/io/ObjectInputStream$HandleTable setObject (ILjava/lang/Object;)V 2105 1 327 0 0
ciMethod java/io/ObjectInputStream$HandleTable lookupObject (I)Ljava/lang/Object; 4097 1 70409 0 0
ciMethod java/io/ObjectInputStream$HandleTable lookupException (I)Ljava/lang/ClassNotFoundException; 4097 1 134848 0 160
ciMethod java/io/ObjectInputStream$HandleTable size ()I 12457 1 1557 0 0
ciMethod java/io/ObjectInputStream$HandleTable grow ()V 921 1 372 0 0
ciMethod java/io/ObjectInputStream$HandleTable$HandleList get (I)I 0 0 1 0 -1
ciMethod java/io/ObjectInputStream$HandleTable$HandleList size ()I 0 0 1 0 -1
ciMethod java/io/Bits getShort ([BI)S 3081 1 10004 0 160
ciMethod java/io/Bits getInt ([BI)I 4097 1 226459 0 192
ciMethod java/io/Bits getLong ([BI)J 4097 1 1447 0 -1
ciMethodData sun/reflect/MagicAccessorImpl <init> ()V 2 3268 orig 264 8 206 248 103 0 0 0 0 96 153 187 21 0 0 0 0 48 1 0 0 0 0 0 0 0 0 0 0 0 0 0 0 0 0 0 0 0 0 0 0 0 0 0 0 0 0 0 0 0 0 0 0 0 0 0 0 0 0 0 0 0 0 0 0 0 0 0 0 0 0 0 0 0 0 0 0 0 0 0 0 77 68 79 32 101 120 116 114 97 32 100 97 116 97 32 108 111 99 107 0 0 0 0 0 0 0 0 0 0 0 0 0 0 0 0 0 0 0 0 0 0 0 0 0 0 0 0 0 0 0 0 0 0 0 0 0 0 0 0 0 0 0 0 0 0 0 0 0 0 0 0 0 0 0 0 0 0 0 0 0 0 0 0 0 0 0 0 0 0 0 0 0 0 0 0 0 0 0 0 0 0 0 0 0 0 0 0 0 0 0 0 0 0 0 0 0 0 0 0 0 0 0 0 0 0 0 0 0 0 0 0 0 0 0 0 0 0 1 0 0 33 94 0 0 1 0 0 0 0 0 0 0 0 0 0 0 2 0 0 0 0 0 3 0 2 0 0 0 16 0 0 0 255 255 255 255 2 0 1 0 0 0 0 0 data 2 0x10002 0xbc4 oops 0
ciMethod java/io/ObjectStreamClass getSerialVersionUID ()J 4105 1 3196 0 -1
ciMethod java/io/ObjectStreamClass forClass ()Ljava/lang/Class; 4097 1 121350 0 128
ciMethod java/io/ObjectStreamClass lookup (Ljava/lang/Class;Z)Ljava/io/ObjectStreamClass; 2241 1 16751 0 -1
ciMethod java/io/ObjectStreamClass <init> ()V 4097 1 2509 0 0
ciMethod java/io/ObjectStreamClass initProxy (Ljava/lang/Class;Ljava/lang/ClassNotFoundException;Ljava/io/ObjectStreamClass;)V 0 0 1 0 -1
ciMethod java/io/ObjectStreamClass initNonProxy (Ljava/io/ObjectStreamClass;Ljava/lang/Class;Ljava/lang/ClassNotFoundException;Ljava/io/ObjectStreamClass;)V 4097 1 1454 0 0
ciMethod java/io/ObjectStreamClass getResolveException ()Ljava/lang/ClassNotFoundException; 9145 1 1143 0 0
ciMethod java/io/ObjectStreamClass requireInitialized ()V 2049 1 483918 0 64
ciMethod java/io/ObjectStreamClass checkDeserialize ()V 4417 1 56440 0 0
ciMethod java/io/ObjectStreamClass isEnum ()Z 2081 1 260 0 0
ciMethod java/io/ObjectStreamClass isExternalizable ()Z 4097 1 69871 0 0
ciMethod java/io/ObjectStreamClass hasWriteObjectData ()Z 4105 1 58041 0 -1
ciMethod java/io/ObjectStreamClass isInstantiable ()Z 4097 1 56122 0 0
ciMethod java/io/ObjectStreamClass hasReadObjectMethod ()Z 4097 1 57242 0 -1
ciMethod java/io/ObjectStreamClass hasReadObjectNoDataMethod ()Z 0 0 1 0 -1
ciMethod java/io/ObjectStreamClass hasReadResolveMethod ()Z 4097 1 56024 0 0
ciMethod java/io/ObjectStreamClass newInstance ()Ljava/lang/Object; 4105 1 55855 0 0
ciMethod java/io/ObjectStreamClass invokeReadObject (Ljava/lang/Object;Ljava/io/ObjectInputStream;)V 13417 1 2167 0 -1
ciMethod java/io/ObjectStreamClass invokeReadObjectNoData (Ljava/lang/Object;)V 0 0 1 0 -1
ciMethod java/io/ObjectStreamClass invokeReadResolve (Ljava/lang/Object;)Ljava/lang/Object; 329 1 68 0 0
ciMethod java/io/ObjectStreamClass getClassDataLayout ()[Ljava/io/ObjectStreamClass$ClassDataSlot; 4097 1 69670 0 -1
ciMethod java/io/ObjectStreamClass classNamesEqual (Ljava/lang/String;Ljava/lang/String;)Z 4097 1 1447 0 -1
ciMethod java/io/ObjectStreamClass throwMiscException (Ljava/lang/Throwable;)V 0 0 1 0 -1
ciMethod java/io/ObjectStreamClass getReflector ([Ljava/io/ObjectStreamField;Ljava/io/ObjectStreamClass;)Ljava/io/ObjectStreamClass$FieldReflector; 4097 1 1537 0 -1
ciMethod sun/reflect/BootstrapConstructorAccessorImpl <init> (Ljava/lang/reflect/Constructor;)V 377 1 120 0 -1
ciMethod java/io/ObjectStreamClass$FieldReflector getFields ()[Ljava/io/ObjectStreamField; 7009 1 876 0 -1
ciMethod java/io/ObjectStreamClass$ExceptionInfo <init> (Ljava/lang/String;Ljava/lang/String;)V 689 1 106 0 -1
ciMethod java/io/ObjectStreamClass$ExceptionInfo newInvalidClassException ()Ljava/io/InvalidClassException; 0 0 1 0 -1
ciMethod java/lang/Class$4 <init> (Ljava/lang/Class;Ljava/lang/reflect/Method;)V 361 1 45 0 -1
ciMethod java/io/SerialCallbackContext <init> (Ljava/lang/Object;Ljava/io/ObjectStreamClass;)V 3473 1 2703 0 -1
ciMethod java/io/SerialCallbackContext check ()V 3001 1 3893 0 -1
ciMethod java/io/SerialCallbackContext setUsed ()V 3473 1 2703 0 -1
ciMethodData java/lang/reflect/Method invoke (Ljava/lang/Object;[Ljava/lang/Object;)Ljava/lang/Object; 2 6508 orig 264 8 206 248 103 0 0 0 0 72 55 187 21 0 0 0 0 72 2 0 0 176 0 0 0 0 0 0 0 0 0 0 0 0 0 0 0 0 0 0 0 0 0 0 0 0 0 0 0 0 0 0 0 0 0 0 0 0 0 0 0 0 0 0 0 0 0 0 0 0 0 0 0 0 0 0 0 0 0 0 0 77 68 79 32 101 120 116 114 97 32 100 97 116 97 32 108 111 99 107 0 0 0 0 0 0 0 0 0 0 0 0 0 0 0 0 0 0 0 0 0 0 0 0 0 0 0 0 0 0 0 0 0 0 0 0 0 0 0 0 0 0 0 0 0 0 0 0 0 0 0 0 0 0 0 0 0 0 0 0 0 0 0 0 0 0 0 0 0 0 0 0 0 0 0 0 0 0 0 0 0 0 0 0 0 17 0 0 0 0 0 0 0 0 0 0 0 0 0 0 0 0 0 0 0 0 0 0 0 0 0 0 0 0 0 0 0 5 1 0 0 57 195 0 0 1 0 0 0 0 0 0 0 0 0 0 0 2 0 0 0 0 0 16 0 2 0 0 0 240 0 0 0 255 255 255 255 7 0 4 0 0 0 0 0 data 30 0x40007 0x130f 0x90 0x558 0xf0002 0x558 0x120007 0x558 0x60 0x0 0x150002 0x0 0x240005 0x0 0x0 0x0 0x0 0x0 0x2d0007 0x156f 0x30 0x2f8 0x310002 0x2f8 0x380005 0x0 0x1e0bea70 0x1866 0x0 0x0 oops 1 26 sun/reflect/DelegatingMethodAccessorImpl
ciMethodData sun/reflect/Reflection quickCheckMemberAccess (Ljava/lang/Class;I)Z 2 4233 orig 264 8 206 248 103 0 0 0 0 200 118 197 21 0 0 0 0 112 1 0 0 0 0 0 0 0 0 0 0 0 0 0 0 0 0 0 0 0 0 0 0 0 0 0 0 0 0 0 0 0 0 0 0 0 0 0 0 0 0 0 0 0 0 0 0 0 0 0 0 0 0 0 0 0 0 0 0 0 0 0 0 77 68 79 32 101 120 116 114 97 32 100 97 116 97 32 108 111 99 107 0 0 0 0 0 0 0 0 0 0 0 0 0 0 0 0 0 0 0 0 0 0 0 0 0 0 0 0 0 0 0 0 0 0 0 0 0 0 0 0 0 0 0 0 0 0 0 0 0 0 0 0 0 0 0 0 0 0 0 0 0 0 0 0 0 0 0 0 0 0 0 0 0 0 0 0 0 0 0 0 0 0 0 0 0 0 0 0 0 0 0 0 0 0 0 0 0 0 0 0 0 0 0 0 0 0 0 0 0 0 0 0 0 0 0 0 0 114 0 0 0 185 128 0 0 1 0 0 0 0 0 0 0 0 0 0 0 2 0 0 0 0 0 7 0 2 0 0 0 32 0 0 0 255 255 255 255 2 0 1 0 0 0 0 0 data 4 0x10002 0x1017 0x60002 0x1016 oops 0
ciMethodData java/lang/reflect/AccessibleObject checkAccess (Ljava/lang/Class;Ljava/lang/Class;Ljava/lang/Object;I)V 1 74 orig 264 8 206 248 103 0 0 0 0 112 199 186 21 0 0 0 0 128 3 0 0 200 1 0 0 0 0 0 0 0 0 0 0 0 0 0 0 0 0 0 0 0 0 0 0 0 0 0 0 0 0 0 0 0 0 0 0 0 0 0 0 0 0 0 0 0 0 0 0 0 0 0 0 0 0 0 0 0 0 0 0 77 68 79 32 101 120 116 114 97 32 100 97 116 97 32 108 111 99 107 0 0 0 0 0 0 0 0 0 0 0 0 0 0 0 0 0 0 0 0 0 0 0 0 0 0 0 0 0 0 0 0 0 0 0 0 0 0 0 0 0 0 0 0 0 0 0 0 0 0 0 0 0 0 0 0 0 0 0 0 0 0 0 0 0 0 0 0 0 0 0 0 0 0 0 0 0 0 0 0 0 0 0 0 0 0 0 0 0 0 0 0 0 0 0 0 0 0 0 0 0 0 0 0 0 0 0 0 0 0 0 0 0 0 0 0 0 5 0 0 0 41 2 0 0 1 0 0 0 0 0 0 0 0 0 0 0 2 0 0 0 0 0 0 0 0 0 0 0 24 2 0 0 255 255 255 255 7 0 2 0 0 0 0 0 data 67 0x20007 0x45 0x20 0x0 0x100007 0x45 0x1a8 0x0 0x150002 0x0 0x180007 0x0 0x178 0x0 0x1c0005 0x0 0x0 0x0 0x0 0x0 0x230007 0x0 0x128 0x0 0x280004 0x0 0x0 0x0 0x0 0x0 0x2b0007 0x0 0xf8 0x0 0x300004 0x0 0x0 0x0 0x0 0x0 0x330004 0x0 0x0 0x0 0x0 0x0 0x3e0007 0x0 0x40 0x0 0x460007 0x0 0x20 0x0 0x4a0003 0x0 0x38 0x500007 0xb 0x20 0x3a 0x5c0005 0x0 0x2780fd0 0x8 0x16560ff0 0x3 oops 2 63 java/lang/reflect/Field 65 java/lang/reflect/Constructor
ciMethodData java/io/ObjectInputStream$BlockDataInputStream readByte ()B 2 145089 orig 264 8 206 248 103 0 0 0 0 40 94 204 27 0 0 0 0 168 1 0 0 0 0 0 0 0 0 0 0 0 0 0 0 0 0 0 0 0 0 0 0 0 0 0 0 0 0 0 0 0 0 0 0 0 0 0 0 0 0 0 0 0 0 0 0 0 0 0 0 0 0 0 0 0 0 0 0 0 0 0 0 77 68 79 32 101 120 116 114 97 32 100 97 116 97 32 108 111 99 107 0 0 0 0 0 0 0 0 0 0 0 0 0 0 0 0 0 0 0 0 0 0 0 0 0 0 0 0 0 0 0 0 0 0 0 0 0 0 0 0 0 0 0 0 0 0 0 0 0 0 0 0 0 0 0 0 0 0 0 0 0 0 0 0 0 0 0 0 0 0 0 0 0 0 0 0 0 0 0 0 0 0 0 0 0 0 0 0 0 0 0 0 0 0 0 0 0 0 0 0 0 0 0 0 0 0 0 0 0 0 0 0 0 0 0 0 0 1 1 0 0 1 174 17 0 1 0 0 0 0 0 0 0 0 0 0 0 2 0 0 0 0 0 5 0 2 0 0 0 96 0 0 0 255 255 255 255 5 0 1 0 0 0 0 0 data 12 0x10005 0x0 0x1b754920 0x23767 0x0 0x0 0x60007 0x23917 0x30 0x0 0xd0002 0x0 oops 1 2 java/io/ObjectInputStream$BlockDataInputStream
ciMethodData java/io/ObjectInputStream$BlockDataInputStream read ()I 2 10698 orig 264 8 206 248 103 0 0 0 0 72 85 204 27 0 0 0 0 0 2 0 0 112 0 0 0 0 0 0 0 0 0 0 0 0 0 0 0 0 0 0 0 0 0 0 0 0 0 0 0 0 0 0 0 0 0 0 0 0 0 0 0 0 0 0 0 0 0 0 0 0 0 0 0 0 0 0 0 0 0 0 0 77 68 79 32 101 120 116 114 97 32 100 97 116 97 32 108 111 99 107 0 0 0 0 0 0 0 0 0 0 0 0 0 0 0 0 0 0 0 0 0 0 0 0 0 0 0 0 0 0 0 0 0 0 0 0 0 0 0 0 0 0 0 0 0 0 0 0 0 0 0 0 0 0 0 0 0 0 0 0 0 0 0 0 0 0 0 0 0 0 0 0 0 0 0 0 0 0 0 0 0 0 0 0 0 0 0 0 0 0 0 0 0 0 0 0 0 0 0 0 0 0 0 0 0 0 0 0 0 0 0 0 0 0 0 0 0 21 1 0 0 169 69 1 0 1 0 0 0 0 0 0 0 0 0 0 0 2 0 0 0 0 0 11 0 2 0 0 0 184 0 0 0 255 255 255 255 7 0 4 0 0 0 0 0 data 23 0x40007 0x2611 0x88 0x2bb 0xf0007 0x199 0x30 0x123 0x130002 0x124 0x1a0007 0x0 0x38 0x2bd 0x310003 0x2bd 0x18 0x3a0005 0x0 0x1a22ff90 0x2611 0x0 0x0 oops 1 19 java/io/ObjectInputStream$PeekInputStream
ciMethodData java/io/ObjectStreamClass requireInitialized ()V 2 483918 orig 264 8 206 248 103 0 0 0 0 56 25 205 27 0 0 0 0 80 1 0 0 0 0 0 0 0 0 0 0 0 0 0 0 0 0 0 0 0 0 0 0 0 0 0 0 0 0 0 0 0 0 0 0 0 0 0 0 0 0 0 0 0 0 0 0 0 0 0 0 0 0 0 0 0 0 0 0 0 0 0 0 77 68 79 32 101 120 116 114 97 32 100 97 116 97 32 108 111 99 107 0 0 0 0 0 0 0 0 0 0 0 0 0 0 0 0 0 0 0 0 0 0 0 0 0 0 0 0 0 0 0 0 0 0 0 0 0 0 0 0 0 0 0 0 0 0 0 0 0 0 0 0 0 0 0 0 0 0 0 0 0 0 0 0 0 0 0 0 0 0 0 0 0 0 0 0 0 0 0 0 0 0 0 0 0 25 0 0 0 0 0 0 0 0 0 0 0 0 0 0 0 1 0 0 0 0 0 0 0 0 0 0 0 0 0 0 0 0 1 0 0 113 10 59 0 1 0 0 0 0 0 0 0 0 0 0 0 2 0 0 0 0 0 5 0 2 0 0 0 48 0 0 0 255 255 255 255 7 0 4 0 0 0 0 0 data 6 0x40007 0x76aae 0x30 0x0 0xd0002 0x0 oops 0
ciMethodData java/io/ObjectInputStream$PeekInputStream read ([BII)I 2 7982 orig 264 8 206 248 103 0 0 0 0 104 133 204 27 0 0 0 0 168 2 0 0 248 0 0 0 0 0 0 0 0 0 0 0 0 0 0 0 0 0 0 0 0 0 0 0 0 0 0 0 0 0 0 0 0 0 0 0 0 0 0 0 0 0 0 0 0 0 0 0 0 0 0 0 0 0 0 0 0 0 0 0 77 68 79 32 101 120 116 114 97 32 100 97 116 97 32 108 111 99 107 0 0 0 0 0 0 0 0 0 0 0 0 0 0 0 0 0 0 0 0 0 0 0 0 0 0 0 0 0 0 0 0 0 0 0 0 0 0 0 0 0 0 0 0 0 0 0 0 0 0 0 0 0 0 0 0 0 0 0 0 0 0 0 0 0 0 0 0 0 0 0 0 0 0 0 0 0 0 0 0 0 0 0 0 0 0 0 0 0 0 0 0 0 0 0 0 0 0 0 0 0 0 0 0 0 0 0 0 0 0 0 0 0 0 0 0 0 136 1 0 0 49 237 0 0 1 0 0 0 0 0 0 0 0 0 0 0 2 0 0 0 0 0 16 0 2 0 0 0 72 1 0 0 255 255 255 255 7 0 1 0 0 0 0 0 data 41 0x10007 0x1dae 0x20 0x0 0xa0007 0xbb 0x88 0x1cf7 0x140005 0x1b75 0x211b7fa0 0x158 0x211b8050 0x2e 0x200007 0x0 0x38 0x1d10 0x260003 0x1d14 0x18 0x4b0005 0xb6 0x211b7fa0 0x4 0x211b8050 0x1 0x570007 0x0 0x38 0xbc 0x5d0003 0xbc 0x18 0x670007 0x0 0x38 0xbc 0x6e0003 0xbc 0x18 oops 4 10 org/gradle/internal/serialize/AbstractDecoder$DecoderStream 12 org/gradle/internal/io/StreamByteBuffer$StreamByteBufferInputStream 23 org/gradle/internal/serialize/AbstractDecoder$DecoderStream 25 org/gradle/internal/io/StreamByteBuffer$StreamByteBufferInputStream
ciMethodData java/io/ObjectInputStream$PeekInputStream readFully ([BII)V 2 8067 orig 264 8 206 248 103 0 0 0 0 48 134 204 27 0 0 0 0 248 1 0 0 112 0 0 0 0 0 0 0 0 0 0 0 0 0 0 0 0 0 0 0 0 0 0 0 0 0 0 0 0 0 0 0 0 0 0 0 0 0 0 0 0 0 0 0 0 0 0 0 0 0 0 0 0 0 0 0 0 0 0 0 77 68 79 32 101 120 116 114 97 32 100 97 116 97 32 108 111 99 107 0 0 0 0 0 0 0 0 0 0 0 0 0 0 0 0 0 0 0 0 0 0 0 0 0 0 0 0 0 0 0 0 0 0 0 0 0 0 0 0 0 0 0 0 0 0 0 0 0 0 0 0 0 0 0 0 0 0 0 0 0 0 0 0 0 0 0 0 0 0 0 0 0 0 0 0 0 0 0 0 0 0 0 0 0 0 0 0 0 0 0 0 0 0 0 0 0 0 0 0 0 0 0 0 0 0 0 0 0 0 0 0 0 0 0 0 0 141 1 0 0 121 238 0 0 177 239 0 0 0 0 0 0 0 0 0 0 2 0 0 0 1 0 8 0 2 0 0 0 152 0 0 0 255 255 255 255 7 0 6 0 0 0 0 0 data 19 0x60007 0x1dfa 0x98 0x1dd3 0x130005 0x0 0x1a22ff90 0x1dd2 0x0 0x0 0x1a0007 0x1df5 0x30 0x0 0x210002 0x0 0x2c0003 0x1df9 0xffffffffffffff80 oops 1 6 java/io/ObjectInputStream$PeekInputStream
ciMethodData java/io/ObjectInputStream$BlockDataInputStream refill ()V 2 3912 orig 264 8 206 248 103 0 0 0 0 64 82 204 27 0 0 0 0 136 2 0 0 240 0 0 0 0 0 0 0 0 0 0 0 0 0 0 0 0 0 0 0 0 0 0 0 0 0 0 0 0 0 0 0 0 0 0 0 0 0 0 0 0 0 0 0 0 0 0 0 0 0 0 0 0 0 0 0 0 0 0 0 77 68 79 32 101 120 116 114 97 32 100 97 116 97 32 108 111 99 107 0 0 0 0 0 0 0 0 0 0 0 0 0 0 0 0 0 0 0 0 0 0 0 0 0 0 0 0 0 0 0 0 0 0 0 0 0 0 0 0 0 0 0 0 0 0 0 0 0 0 0 0 0 0 0 0 0 0 0 0 0 0 0 0 0 0 0 0 0 0 0 0 0 0 0 0 0 0 0 0 0 0 0 0 0 0 0 0 0 0 0 0 0 0 0 0 0 0 0 0 0 0 0 0 0 0 0 0 0 0 0 0 0 0 0 0 0 63 0 0 0 73 120 0 0 65 84 0 0 0 0 0 0 0 0 0 0 2 0 0 0 1 0 19 0 2 0 0 0 64 1 0 0 255 255 255 255 7 0 9 0 0 0 0 0 data 40 0x90007 0xf0b 0xc0 0x11c 0x1c0002 0x11b 0x1f0005 0x0 0x1a22ff90 0x11c 0x0 0x0 0x240007 0x0 0x38 0x11c 0x360003 0x11b 0x28 0x3f0002 0x0 0x430003 0x11b 0x60 0x480002 0xf09 0x4d0007 0xdf4 0x38 0x11c 0x5a0003 0x11c 0x18 0x6f0007 0x11b 0xfffffffffffffef8 0xf0c 0x720003 0xf14 0x18 oops 1 8 java/io/ObjectInputStream$PeekInputStream
ciMethodData java/io/ObjectInputStream$BlockDataInputStream peekByte ()B 2 144678 orig 264 8 206 248 103 0 0 0 0 112 84 204 27 0 0 0 0 168 1 0 0 0 0 0 0 0 0 0 0 0 0 0 0 0 0 0 0 0 0 0 0 0 0 0 0 0 0 0 0 0 0 0 0 0 0 0 0 0 0 0 0 0 0 0 0 0 0 0 0 0 0 0 0 0 0 0 0 0 0 0 0 77 68 79 32 101 120 116 114 97 32 100 97 116 97 32 108 111 99 107 0 0 0 0 0 0 0 0 0 0 0 0 0 0 0 0 0 0 0 0 0 0 0 0 0 0 0 0 0 0 0 0 0 0 0 0 0 0 0 0 0 0 0 0 0 0 0 0 0 0 0 0 0 0 0 0 0 0 0 0 0 0 0 0 0 0 0 0 0 0 0 0 0 0 0 0 0 0 0 0 0 0 0 0 0 0 0 0 0 0 0 0 0 0 0 0 0 0 0 0 0 0 0 0 0 0 0 0 0 0 0 0 0 0 0 0 0 5 1 0 0 9 161 17 0 1 0 0 0 0 0 0 0 0 0 0 0 2 0 0 0 0 0 5 0 2 0 0 0 96 0 0 0 255 255 255 255 5 0 1 0 0 0 0 0 data 12 0x10005 0x0 0x1b754920 0x236c7 0x0 0x0 0x60007 0x23d86 0x30 0x0 0xd0002 0x0 oops 1 2 java/io/ObjectInputStream$BlockDataInputStream
ciMethodData java/io/ObjectInputStream$BlockDataInputStream peek ()I 2 8127 orig 264 8 206 248 103 0 0 0 0 200 83 204 27 0 0 0 0 0 2 0 0 112 0 0 0 0 0 0 0 0 0 0 0 0 0 0 0 0 0 0 0 0 0 0 0 0 0 0 0 0 0 0 0 0 0 0 0 0 0 0 0 0 0 0 0 0 0 0 0 0 0 0 0 0 0 0 0 0 0 0 0 77 68 79 32 101 120 116 114 97 32 100 97 116 97 32 108 111 99 107 0 0 0 0 0 0 0 0 0 0 0 0 0 0 0 0 0 0 0 0 0 0 0 0 0 0 0 0 0 0 0 0 0 0 0 0 0 0 0 0 0 0 0 0 0 0 0 0 0 0 0 0 0 0 0 0 0 0 0 0 0 0 0 0 0 0 0 0 0 0 0 0 0 0 0 0 0 0 0 0 0 0 0 0 0 0 0 0 0 0 0 0 0 0 0 0 0 0 0 0 0 0 0 0 0 0 0 0 0 0 0 0 0 0 0 0 0 5 1 0 0 209 245 0 0 1 0 0 0 0 0 0 0 0 0 0 0 2 0 0 0 0 0 11 0 2 0 0 0 184 0 0 0 255 255 255 255 7 0 4 0 0 0 0 0 data 23 0x40007 0x1eb7 0x88 0x0 0xf0007 0x0 0x30 0x0 0x130002 0x0 0x1a0007 0x0 0x38 0x0 0x2a0003 0x0 0x18 0x330005 0x0 0x1a22ff90 0x1ebb 0x0 0x0 oops 1 19 java/io/ObjectInputStream$PeekInputStream
ciMethodData java/io/ObjectInputStream$PeekInputStream peek ()I 2 9207 orig 264 8 206 248 103 0 0 0 0 144 131 204 27 0 0 0 0 208 1 0 0 0 0 0 0 0 0 0 0 0 0 0 0 0 0 0 0 0 0 0 0 0 0 0 0 0 0 0 0 0 0 0 0 0 0 0 0 0 0 0 0 0 0 0 0 0 0 0 0 0 0 0 0 0 0 0 0 0 0 0 0 77 68 79 32 101 120 116 114 97 32 100 97 116 97 32 108 111 99 107 0 0 0 0 0 0 0 0 0 0 0 0 0 0 0 0 0 0 0 0 0 0 0 0 0 0 0 0 0 0 0 0 0 0 0 0 0 0 0 0 0 0 0 0 0 0 0 0 0 0 0 0 0 0 0 0 0 0 0 0 0 0 0 0 0 0 0 0 0 0 0 0 0 0 0 0 0 0 0 0 0 0 0 0 0 0 0 0 0 0 0 0 0 0 0 0 0 0 0 0 0 0 0 0 0 0 0 0 0 0 0 0 0 0 0 0 0 72 1 0 0 121 21 1 0 1 0 0 0 0 0 0 0 0 0 0 0 2 0 0 0 0 0 8 0 2 0 0 0 136 0 0 0 255 255 255 255 7 0 4 0 0 0 0 0 data 17 0x40007 0x1e95 0x20 0x423 0x110005 0x1dea 0x211b7fa0 0x86 0x211b8050 0x29 0x200007 0x0 0x38 0x1e9c 0x240003 0x1e9d 0x18 oops 2 6 org/gradle/internal/serialize/AbstractDecoder$DecoderStream 8 org/gradle/internal/io/StreamByteBuffer$StreamByteBufferInputStream
ciMethodData java/lang/reflect/Constructor setConstructorAccessor (Lsun/reflect/ConstructorAccessor;)V 2 1644 orig 264 8 206 248 103 0 0 0 0 72 145 187 21 0 0 0 0 160 1 0 0 0 0 0 0 0 0 0 0 0 0 0 0 0 0 0 0 0 0 0 0 0 0 0 0 0 0 0 0 0 0 0 0 0 0 0 0 0 0 0 0 0 0 0 0 0 0 0 0 0 0 0 0 0 0 0 0 0 0 0 0 77 68 79 32 101 120 116 114 97 32 100 97 116 97 32 108 111 99 107 0 0 0 0 0 0 0 0 0 0 0 0 0 0 0 0 0 0 0 0 0 0 0 0 0 0 0 0 0 0 0 0 0 0 0 0 0 0 0 0 0 0 0 0 0 0 0 0 0 0 0 0 0 0 0 0 0 0 0 0 0 0 0 0 0 0 0 0 0 0 0 0 0 0 0 0 0 0 0 0 0 0 0 0 0 0 0 0 0 0 0 0 0 0 0 0 0 0 0 0 0 0 0 0 0 0 0 0 0 0 0 0 0 0 0 0 0 2 1 0 0 81 43 0 0 1 0 0 0 0 0 0 0 0 0 0 0 2 0 0 0 0 0 9 0 2 0 0 0 80 0 0 0 255 255 255 255 7 0 9 0 0 0 0 0 data 10 0x90007 0x2ca 0x50 0x2a0 0x110005 0x0 0x16560ff0 0x2a0 0x0 0x0 oops 1 6 java/lang/reflect/Constructor
ciMethodData java/io/ObjectInputStream$BlockDataInputStream readUTFSpan (Ljava/lang/StringBuilder;J)J 2 91355 orig 264 8 206 248 103 0 0 0 0 144 115 204 27 0 0 0 0 232 4 0 0 72 3 0 0 0 0 0 0 0 0 0 0 0 0 0 0 0 0 0 0 0 0 0 0 0 0 0 0 0 0 0 0 0 0 0 0 0 0 0 0 0 0 0 0 0 0 0 0 0 0 0 0 0 0 0 0 0 0 0 0 77 68 79 32 101 120 116 114 97 32 100 97 116 97 32 108 111 99 107 0 0 0 0 0 0 0 0 0 0 0 0 0 0 0 0 0 0 0 0 0 0 0 0 0 0 0 0 0 0 0 0 0 0 0 0 0 0 0 0 0 0 0 0 0 0 0 0 0 0 0 0 0 0 0 0 0 0 0 0 0 0 0 0 0 0 0 0 0 0 0 0 0 0 0 0 0 0 0 0 0 0 0 0 0 0 0 0 0 0 0 0 0 0 0 0 0 0 0 0 0 0 0 0 0 0 0 0 0 0 0 0 0 0 0 0 0 41 16 0 0 225 82 0 0 145 165 10 0 0 0 0 0 0 0 0 0 2 0 0 0 1 0 39 0 2 0 0 0 136 3 0 0 255 255 255 255 2 0 21 0 0 0 0 0 data 113 0x150002 0xa5d 0x230007 0xa5e 0x38 0x0 0x2a0003 0x0 0x18 0x3b0007 0xa5a 0x220 0x154ab 0x580008 0x20 0x0 0x1d8 0x0 0x110 0x0 0x110 0x0 0x110 0x0 0x110 0x0 0x110 0x0 0x110 0x0 0x110 0x0 0x110 0x0 0x1d8 0x0 0x1d8 0x0 0x1d8 0x0 0x1d8 0x0 0x128 0x0 0x128 0x0 0x170 0xb10003 0x154bd 0xd8 0xcf0007 0x0 0x30 0x0 0xd60002 0x0 0xf50003 0x0 0x90 0x1250007 0x0 0x40 0x0 0x1310007 0x0 0x30 0x0 0x1380002 0x0 0x1600003 0x0 0x28 0x1670002 0x0 0x16b0003 0x154b5 0xfffffffffffffdf8 0x1700007 0x0 0x40 0xa57 0x17d0007 0xa5a 0xd0 0x0 0x18d0002 0x0 0x1980007 0x0 0x40 0x0 0x1a50007 0x0 0x80 0x0 0x1b50002 0x0 0x1bd0007 0x0 0x40 0x0 0x1ca0007 0x0 0x30 0x0 0x1da0002 0x0 0x1e90005 0x0 0x16562140 0xa5b 0x0 0x0 oops 1 109 java/lang/StringBuilder
ciMethodData sun/reflect/ConstructorAccessorImpl <init> ()V 2 1454 orig 264 8 206 248 103 0 0 0 0 64 161 187 21 0 0 0 0 48 1 0 0 0 0 0 0 0 0 0 0 0 0 0 0 0 0 0 0 0 0 0 0 0 0 0 0 0 0 0 0 0 0 0 0 0 0 0 0 0 0 0 0 0 0 0 0 0 0 0 0 0 0 0 0 0 0 0 0 0 0 0 0 77 68 79 32 101 120 116 114 97 32 100 97 116 97 32 108 111 99 107 0 0 0 0 0 0 0 0 0 0 0 0 0 0 0 0 0 0 0 0 0 0 0 0 0 0 0 0 0 0 0 0 0 0 0 0 0 0 0 0 0 0 0 0 0 0 0 0 0 0 0 0 0 0 0 0 0 0 0 0 0 0 0 0 0 0 0 0 0 0 0 0 0 0 0 0 0 0 0 0 0 0 0 0 0 0 0 0 0 0 0 0 0 0 0 0 0 0 0 0 0 0 0 0 0 0 0 0 0 0 0 0 0 0 0 0 0 1 1 0 0 105 37 0 0 1 0 0 0 0 0 0 0 0 0 0 0 2 0 0 0 0 0 3 0 2 0 0 0 16 0 0 0 255 255 255 255 2 0 1 0 0 0 0 0 data 2 0x10002 0x4ad oops 0
ciMethodData sun/reflect/misc/ReflectUtil checkPackageAccess (Ljava/lang/Class;)V 2 15038 orig 264 8 206 248 103 0 0 0 0 160 41 203 21 0 0 0 0 200 1 0 0 0 0 0 0 0 0 0 0 0 0 0 0 0 0 0 0 0 0 0 0 0 0 0 0 0 0 0 0 0 0 0 0 0 0 0 0 0 0 0 0 0 0 0 0 0 0 0 0 0 0 0 0 0 0 0 0 0 0 0 0 77 68 79 32 101 120 116 114 97 32 100 97 116 97 32 108 111 99 107 0 0 0 0 0 0 0 0 0 0 0 0 0 0 0 0 0 0 0 0 0 0 0 0 0 0 0 0 0 0 0 0 0 0 0 0 0 0 0 0 0 0 0 0 0 0 0 0 0 0 0 0 0 0 0 0 0 0 0 0 0 0 0 0 0 0 0 0 0 0 0 0 0 0 0 0 0 0 0 0 0 0 0 0 0 17 0 0 0 0 0 0 0 0 0 0 0 0 0 0 0 0 0 0 0 0 0 0 0 0 0 0 0 0 0 0 0 75 1 0 0 153 203 1 0 1 0 0 0 0 0 0 0 0 0 0 0 2 0 0 0 0 0 10 0 2 0 0 0 128 0 0 0 255 255 255 255 5 0 1 0 0 0 0 0 data 16 0x10005 0x74 0x277fa30 0x38ff 0x0 0x0 0x40002 0x3973 0x80002 0x3973 0xb0007 0x3973 0x30 0x0 0xf0002 0x0 oops 1 2 java/lang/Class
ciMethodData java/lang/reflect/Constructor newInstance ([Ljava/lang/Object;)Ljava/lang/Object; 2 60645 orig 264 8 206 248 103 0 0 0 0 0 142 187 21 0 0 0 0 160 2 0 0 16 1 0 0 0 0 0 0 0 0 0 0 0 0 0 0 0 0 0 0 0 0 0 0 0 0 0 0 0 0 0 0 0 0 0 0 0 0 0 0 0 0 0 0 0 0 0 0 0 0 0 0 0 0 0 0 0 0 0 0 77 68 79 32 101 120 116 114 97 32 100 97 116 97 32 108 111 99 107 0 0 0 0 0 0 0 0 0 0 0 0 0 0 0 0 0 0 0 0 0 0 0 0 0 0 0 0 0 0 0 0 0 0 0 0 0 0 0 0 0 0 0 0 0 0 0 0 0 0 0 0 0 0 0 0 0 0 0 0 0 0 0 0 0 0 0 0 0 0 0 0 0 0 0 0 0 0 0 0 0 0 0 0 0 0 0 0 0 0 0 0 0 0 0 0 0 0 0 0 0 0 0 0 0 0 0 0 0 0 0 0 0 0 0 0 0 137 1 0 0 225 90 7 0 1 0 0 0 0 0 0 0 0 0 0 0 2 0 0 0 0 0 18 0 2 0 0 0 80 1 0 0 255 255 255 255 7 0 4 0 0 0 0 0 data 42 0x40007 0xe376 0x90 0x7c2 0xf0002 0x7c2 0x120007 0x785 0x60 0x3d 0x150002 0x3d 0x240005 0x0 0x16560ff0 0x3d 0x0 0x0 0x2b0005 0x0 0x277fa30 0xeb66 0x0 0x0 0x320007 0xefbe 0x30 0x0 0x3b0002 0x0 0x450007 0xed98 0x30 0x25d 0x490002 0x25d 0x4f0005 0xdcd4 0x19d85430 0x1275 0x19d854e0 0x50 oops 4 14 java/lang/reflect/Constructor 20 java/lang/Class 38 sun/reflect/DelegatingConstructorAccessorImpl 40 sun/reflect/BootstrapConstructorAccessorImpl
ciMethodData java/lang/reflect/Constructor acquireConstructorAccessor ()Lsun/reflect/ConstructorAccessor; 1 787 orig 264 8 206 248 103 0 0 0 0 8 144 187 21 0 0 0 0 48 2 0 0 112 0 0 0 0 0 0 0 0 0 0 0 0 0 0 0 0 0 0 0 0 0 0 0 0 0 0 0 0 0 0 0 0 0 0 0 0 0 0 0 0 0 0 0 0 0 0 0 0 0 0 0 0 0 0 0 0 0 0 0 77 68 79 32 101 120 116 114 97 32 100 97 116 97 32 108 111 99 107 0 0 0 0 0 0 0 0 0 0 0 0 0 0 0 0 0 0 0 0 0 0 0 0 0 0 0 0 0 0 0 0 0 0 0 0 0 0 0 0 0 0 0 0 0 0 0 0 0 0 0 0 0 0 0 0 0 0 0 0 0 0 0 0 0 0 0 0 0 0 0 0 0 0 0 0 0 0 0 0 0 0 0 0 0 0 0 0 0 0 0 0 0 0 0 0 0 0 0 0 0 0 0 0 0 0 0 0 0 0 0 0 0 0 0 0 0 183 0 0 0 225 18 0 0 1 0 0 0 0 0 0 0 0 0 0 0 2 0 0 0 0 0 15 0 2 0 0 0 232 0 0 0 255 255 255 255 7 0 6 0 0 0 0 0 data 29 0x60007 0x0 0x50 0x25c 0xd0005 0x81 0x16560ff0 0x1dc 0x0 0x0 0x120007 0x25d 0x38 0x0 0x1a0003 0x0 0x78 0x210005 0x0 0x24b1cc00 0x25d 0x0 0x0 0x270005 0x81 0x16560ff0 0x1dc 0x0 0x0 oops 3 6 java/lang/reflect/Constructor 19 sun/reflect/ReflectionFactory 25 java/lang/reflect/Constructor
ciMethodData java/io/ObjectInputStream$BlockDataInputStream setBlockDataMode (Z)Z 2 8652 orig 264 8 206 248 103 0 0 0 0 200 77 204 27 0 0 0 0 232 1 0 0 120 0 0 0 0 0 0 0 0 0 0 0 0 0 0 0 0 0 0 0 0 0 0 0 0 0 0 0 0 0 0 0 0 0 0 0 0 0 0 0 0 0 0 0 0 0 0 0 0 0 0 0 0 0 0 0 0 0 0 0 77 68 79 32 101 120 116 114 97 32 100 97 116 97 32 108 111 99 107 0 0 0 0 0 0 0 0 0 0 0 0 0 0 0 0 0 0 0 0 0 0 0 0 0 0 0 0 0 0 0 0 0 0 0 0 0 0 0 0 0 0 0 0 0 0 0 0 0 0 0 0 0 0 0 0 0 0 0 0 0 0 0 0 0 0 0 0 0 0 0 0 0 0 0 0 0 0 0 0 0 0 0 0 0 0 0 0 0 0 0 0 0 0 0 0 0 0 0 0 0 0 0 0 0 0 0 0 0 0 0 0 0 0 0 0 0 128 1 0 0 97 2 1 0 1 0 0 0 0 0 0 0 0 0 0 0 2 0 0 0 0 0 13 0 2 0 0 0 192 0 0 0 255 255 255 255 7 0 5 0 0 0 0 0 data 24 0x50007 0xf98 0x20 0x10d7 0xe0007 0x78d 0x38 0x811 0x200003 0x811 0x48 0x2b0007 0x78e 0x30 0x0 0x340002 0x0 0x410007 0x811 0x38 0x78d 0x450003 0x78f 0x18 oops 0
ciMethodData java/io/Bits getShort ([BI)S 2 10004 orig 264 8 206 248 103 0 0 0 0 72 201 204 27 0 0 0 0 40 1 0 0 0 0 0 0 0 0 0 0 0 0 0 0 0 0 0 0 0 0 0 0 0 0 0 0 0 0 0 0 0 0 0 0 0 0 0 0 0 0 0 0 0 0 0 0 0 0 0 0 0 0 0 0 0 0 0 0 0 0 0 0 77 68 79 32 101 120 116 114 97 32 100 97 116 97 32 108 111 99 107 0 0 0 0 0 0 0 0 0 0 0 0 0 0 0 0 0 0 0 0 0 0 0 0 0 0 0 0 0 0 0 0 0 0 0 0 0 0 0 0 0 0 0 0 0 0 0 0 0 0 0 0 0 0 0 0 0 0 0 0 0 0 0 0 0 0 0 0 0 0 0 0 0 0 0 0 0 0 0 0 0 0 0 0 0 0 0 0 0 0 0 0 0 0 0 0 0 0 0 0 0 0 0 0 0 0 0 0 0 0 0 0 0 0 0 0 0 129 1 0 0 153 44 1 0 1 0 0 0 0 0 0 0 0 0 0 0 2 0 0 0 0 0 3 0 1 0 0 0 0 0 0 0 255 255 255 255 0 0 0 0 0 0 0 0 data 0 oops 0
ciMethodData sun/reflect/ReflectionFactory newConstructorAccessor (Ljava/lang/reflect/Constructor;)Lsun/reflect/ConstructorAccessor; 1 788 orig 264 8 206 248 103 0 0 0 0 120 202 195 21 0 0 0 0 64 4 0 0 112 2 0 0 0 0 0 0 0 0 0 0 0 0 0 0 0 0 0 0 0 0 0 0 0 0 0 0 0 0 0 0 0 0 0 0 0 0 0 0 0 0 0 0 0 0 0 0 0 0 0 0 0 0 0 0 0 0 0 0 77 68 79 32 101 120 116 114 97 32 100 97 116 97 32 108 111 99 107 0 0 0 0 0 0 0 0 0 0 0 0 0 0 0 0 0 0 0 0 0 0 0 0 0 0 0 0 0 0 0 0 0 0 0 0 0 0 0 0 0 0 0 0 0 0 0 0 0 0 0 0 0 0 0 0 0 0 0 0 0 0 0 0 0 0 0 0 0 0 0 0 0 0 0 0 0 0 0 0 0 0 0 0 0 0 0 0 0 0 0 0 0 0 0 0 0 0 0 0 0 0 0 0 0 0 0 0 0 0 0 0 0 0 0 0 0 1 1 0 0 153 16 0 0 1 0 0 0 0 0 0 0 0 0 0 0 2 0 0 0 1 0 35 0 2 0 0 0 240 2 0 0 255 255 255 255 2 0 0 0 0 0 0 0 data 94 0x2 0x213 0x40005 0x0 0x16560ff0 0x213 0x0 0x0 0x90005 0x0 0x277fa30 0x213 0x0 0x0 0xc0002 0x213 0xf0007 0x213 0x30 0x0 0x170002 0x0 0x1e0007 0x213 0x30 0x0 0x270002 0x0 0x2e0002 0x213 0x310007 0x1c9 0x30 0x49 0x390002 0x49 0x400007 0x1c9 0x180 0x0 0x440005 0x0 0x0 0x0 0x0 0x0 0x470002 0x0 0x4a0007 0x0 0x120 0x0 0x510002 0x0 0x550005 0x0 0x0 0x0 0x0 0x0 0x590005 0x0 0x0 0x0 0x0 0x0 0x5d0005 0x0 0x0 0x0 0x0 0x0 0x610005 0x0 0x0 0x0 0x0 0x0 0x640005 0x0 0x0 0x0 0x0 0x0 0x6d0002 0x1c9 0x760002 0x1c9 0x7e0005 0x0 0x1e0c95c0 0x1ca 0x0 0x0 oops 3 4 java/lang/reflect/Constructor 10 java/lang/Class 90 sun/reflect/NativeConstructorAccessorImpl
ciMethodData sun/reflect/NativeConstructorAccessorImpl <init> (Ljava/lang/reflect/Constructor;)V 1 667 orig 264 8 206 248 103 0 0 0 0 248 61 201 21 0 0 0 0 56 1 0 0 0 0 0 0 0 0 0 0 0 0 0 0 0 0 0 0 0 0 0 0 0 0 0 0 0 0 0 0 0 0 0 0 0 0 0 0 0 0 0 0 0 0 0 0 0 0 0 0 0 0 0 0 0 0 0 0 0 0 0 0 77 68 79 32 101 120 116 114 97 32 100 97 116 97 32 108 111 99 107 0 0 0 0 0 0 0 0 0 0 0 0 0 0 0 0 0 0 0 0 0 0 0 0 0 0 0 0 0 0 0 0 0 0 0 0 0 0 0 0 0 0 0 0 0 0 0 0 0 0 0 0 0 0 0 0 0 0 0 0 0 0 0 0 0 0 0 0 0 0 0 0 0 0 0 0 0 0 0 0 0 0 0 0 0 0 0 0 0 0 0 0 0 0 0 0 0 0 0 0 0 0 0 0 0 0 0 0 0 0 0 0 0 0 0 0 0 210 0 0 0 73 14 0 0 1 0 0 0 0 0 0 0 0 0 0 0 2 0 0 0 0 0 0 0 0 0 0 0 16 0 0 0 255 255 255 255 2 0 1 0 0 0 0 0 data 2 0x10002 0x1c9 oops 0
ciMethodData java/lang/Class isEnum ()Z 1 752 orig 264 8 206 248 103 0 0 0 0 0 13 184 21 0 0 0 0 0 2 0 0 0 0 0 0 0 0 0 0 0 0 0 0 0 0 0 0 0 0 0 0 0 0 0 0 0 0 0 0 0 0 0 0 0 0 0 0 0 0 0 0 0 0 0 0 0 0 0 0 0 0 0 0 0 0 0 0 0 0 0 0 77 68 79 32 101 120 116 114 97 32 100 97 116 97 32 108 111 99 107 0 0 0 0 0 0 0 0 0 0 0 0 0 0 0 0 0 0 0 0 0 0 0 0 0 0 0 0 0 0 0 0 0 0 0 0 0 0 0 0 0 0 0 0 0 0 0 0 0 0 0 0 0 0 0 0 0 0 0 0 0 0 0 0 0 0 0 0 0 0 0 0 0 0 0 0 0 0 0 0 0 0 0 0 0 0 0 0 0 0 0 0 0 0 0 0 0 0 0 0 0 0 0 0 0 0 0 0 0 0 0 0 0 0 0 0 0 3 1 0 0 105 15 0 0 1 0 0 0 0 0 0 0 0 0 0 0 2 0 0 0 0 0 9 0 2 0 0 0 184 0 0 0 255 255 255 255 5 0 1 0 0 0 0 0 data 23 0x10005 0x0 0x277fa30 0x1ed 0x0 0x0 0x80007 0x1d8 0x88 0x15 0xc0005 0x0 0x277fa30 0x14 0x0 0x0 0x120007 0x0 0x38 0x14 0x160003 0x14 0x18 oops 2 2 java/lang/Class 12 java/lang/Class
ciMethodData java/lang/Class getEnumConstantsShared ()[Ljava/lang/Object; 1 489 orig 264 8 206 248 103 0 0 0 0 0 16 184 21 0 0 0 0 176 2 0 0 80 0 0 0 0 0 0 0 0 0 0 0 0 0 0 0 0 0 0 0 0 0 0 0 0 0 0 0 0 0 0 0 0 0 0 0 0 0 0 0 0 0 0 0 0 0 0 0 0 0 0 0 0 0 0 0 0 0 0 0 77 68 79 32 101 120 116 114 97 32 100 97 116 97 32 108 111 99 107 0 0 0 0 0 0 0 0 0 0 0 0 0 0 0 0 0 0 0 0 0 0 0 0 0 0 0 0 0 0 0 0 0 0 0 0 0 0 0 0 0 0 0 0 0 0 0 0 0 0 0 0 0 0 0 0 0 0 0 0 0 0 0 0 0 0 0 0 0 0 0 0 0 0 0 0 0 0 0 0 0 0 0 0 0 0 0 0 0 0 0 0 0 0 0 0 0 0 0 0 0 0 0 0 0 0 0 0 0 0 0 0 0 0 0 0 0 22 1 0 0 153 6 0 0 1 0 0 0 0 0 0 0 0 0 0 0 2 0 0 0 0 0 0 0 0 0 0 0 104 1 0 0 255 255 255 255 7 0 4 0 0 0 0 0 data 45 0x40007 0xcc 0x168 0x7 0x80005 0x7 0x0 0x0 0x0 0x0 0xb0007 0x7 0x20 0x0 0x180005 0x7 0x0 0x0 0x0 0x0 0x220002 0x7 0x250002 0x7 0x2f0005 0x7 0x0 0x0 0x0 0x0 0x320004 0x0 0x1e0c2cf0 0x2 0x1e0c2e10 0x1 0x350004 0x0 0x1e0c2cf0 0x2 0x1e0c2e10 0x1 0x3e0003 0x7 0x18 oops 4 32 [Lcom/android/resources/ResourceType; 34 [Lcom/android/resources/ResourceFolderType; 38 [Lcom/android/resources/ResourceType; 40 [Lcom/android/resources/ResourceFolderType;
ciMethodData sun/reflect/Reflection ensureMemberAccess (Ljava/lang/Class;Ljava/lang/Class;Ljava/lang/Object;I)V 1 26 orig 264 8 206 248 103 0 0 0 0 184 119 197 21 0 0 0 0 240 3 0 0 64 0 0 0 0 0 0 0 0 0 0 0 0 0 0 0 0 0 0 0 0 0 0 0 0 0 0 0 0 0 0 0 0 0 0 0 0 0 0 0 0 0 0 0 0 0 0 0 0 0 0 0 0 0 0 0 0 0 0 0 77 68 79 32 101 120 116 114 97 32 100 97 116 97 32 108 111 99 107 0 0 0 0 0 0 0 0 0 0 0 0 0 0 0 0 0 0 0 0 0 0 0 0 0 0 0 0 0 0 0 0 0 0 0 0 0 0 0 0 0 0 0 0 0 0 0 0 0 0 0 0 0 0 0 0 0 0 0 0 0 0 0 0 0 0 0 0 0 0 0 0 0 0 0 0 0 0 0 0 0 0 0 0 0 0 0 0 0 0 0 0 0 0 0 0 0 0 0 0 0 0 0 0 0 0 0 0 0 0 0 0 0 0 0 0 0 26 0 0 0 1 0 0 0 1 0 0 0 0 0 0 0 0 0 0 0 2 0 0 0 0 0 0 0 0 0 0 0 144 2 0 0 255 255 255 255 7 0 1 0 0 0 0 0 data 82 0x10007 0x0 0x40 0x0 0x50007 0x0 0x30 0x0 0xc0002 0x0 0x140002 0x0 0x170007 0x0 0x230 0x0 0x220002 0x0 0x270005 0x0 0x0 0x0 0x0 0x0 0x2b0005 0x0 0x0 0x0 0x0 0x0 0x2e0005 0x0 0x0 0x0 0x0 0x0 0x330005 0x0 0x0 0x0 0x0 0x0 0x370005 0x0 0x0 0x0 0x0 0x0 0x3a0005 0x0 0x0 0x0 0x0 0x0 0x3f0005 0x0 0x0 0x0 0x0 0x0 0x430002 0x0 0x460005 0x0 0x0 0x0 0x0 0x0 0x4b0005 0x0 0x0 0x0 0x0 0x0 0x4e0005 0x0 0x0 0x0 0x0 0x0 0x510002 0x0 oops 0
ciMethodData java/io/ObjectInputStream$HandleTable lookupException (I)Ljava/lang/ClassNotFoundException; 2 134848 orig 264 8 206 248 103 0 0 0 0 96 150 204 27 0 0 0 0 216 1 0 0 0 0 0 0 0 0 0 0 0 0 0 0 0 0 0 0 0 0 0 0 0 0 0 0 0 0 0 0 0 0 0 0 0 0 0 0 0 0 0 0 0 0 0 0 0 0 0 0 0 0 0 0 0 0 0 0 0 0 0 0 77 68 79 32 101 120 116 114 97 32 100 97 116 97 32 108 111 99 107 0 0 0 0 0 0 0 0 0 0 0 0 0 0 0 0 0 0 0 0 0 0 0 0 0 0 0 0 0 0 0 0 0 0 0 0 0 0 0 0 0 0 0 0 0 0 0 0 0 0 0 0 0 0 0 0 0 0 0 0 0 0 0 0 0 0 0 0 0 0 0 0 0 0 0 0 0 0 0 0 0 0 0 0 0 0 0 0 0 0 0 0 0 0 0 0 0 0 0 0 0 0 0 0 0 0 0 0 0 0 0 0 0 0 0 0 0 0 2 0 0 1 102 16 0 1 0 0 0 0 0 0 0 0 0 0 0 2 0 0 0 0 0 9 0 2 0 0 0 136 0 0 0 255 255 255 255 7 0 2 0 0 0 0 0 data 17 0x20007 0x0 0x88 0x20e8a 0xc0007 0x20f80 0x68 0x0 0x150004 0x0 0x0 0x0 0x0 0x0 0x180003 0x0 0x18 oops 0
ciMethodData java/io/ObjectInputStream readObject0 (Z)Ljava/lang/Object; 2 87445 orig 264 8 206 248 103 0 0 0 0 136 209 202 27 0 0 0 0 24 8 0 0 24 6 0 0 0 0 0 0 0 0 0 0 0 0 0 0 0 0 0 0 0 0 0 0 0 0 0 0 0 0 0 0 0 0 0 0 0 0 0 0 0 0 0 0 0 0 0 0 0 0 0 0 0 0 0 0 0 0 0 0 77 68 79 32 101 120 116 114 97 32 100 97 116 97 32 108 111 99 107 0 0 0 0 0 0 0 0 0 0 0 0 0 0 0 0 0 0 0 0 0 0 0 0 0 0 0 0 0 0 0 0 0 0 0 0 0 0 0 0 0 0 0 0 0 0 0 0 0 0 0 0 0 0 0 0 0 0 0 0 0 0 0 0 0 0 0 0 0 0 0 0 0 0 0 0 0 0 0 0 0 0 0 0 0 0 0 0 0 0 0 0 0 0 0 0 0 0 0 0 0 0 0 0 0 0 0 0 0 0 0 0 0 0 0 0 0 0 2 0 0 169 156 10 0 1 0 0 0 0 0 0 0 0 0 0 0 2 0 0 0 1 0 66 0 2 0 0 0 200 6 0 0 255 255 255 255 5 0 4 0 0 0 0 0 data 217 0x40005 0x0 0x1b754920 0x1543f 0x0 0x0 0x90007 0xedf9 0xe0 0x6b84 0x100005 0x0 0x1b754920 0x6b9d 0x0 0x0 0x150007 0x6bb7 0x30 0x0 0x1d0002 0x0 0x250007 0x6bc4 0x30 0x0 0x2d0002 0x0 0x360005 0x0 0x1b754920 0x6bc4 0x0 0x0 0x3e0005 0x0 0x1b754920 0x153b5 0x0 0x0 0x450007 0x15717 0x78 0x0 0x4c0005 0x0 0x0 0x0 0x0 0x0 0x510002 0x0 0x540003 0x0 0xffffffffffffff70 0x6c0008 0x20 0x0 0x480 0x1f5 0x110 0xbc 0x150 0x0 0x1d0 0x110 0x300 0x153 0x210 0x9 0x260 0x13 0x190 0x0 0x370 0x0 0x440 0x0 0x480 0x0 0x370 0x0 0x350 0x0 0x210 0x0 0x1d0 0x44 0x2b0 0xb90002 0x3eed 0xcd0005 0x0 0x1b754920 0x3eea 0x0 0x0 0xd60002 0x3727 0xea0005 0x0 0x1b754920 0x3723 0x0 0x0 0xf30002 0x54 0x1070005 0x0 0x1b754920 0x54 0x0 0x0 0x1100002 0x0 0x1240005 0x0 0x0 0x0 0x0 0x0 0x12e0002 0xb54 0x1310002 0xb56 0x1450005 0x0 0x1b754920 0xb56 0x0 0x0 0x14f0002 0x5a 0x1520002 0x5a 0x1660005 0x0 0x1b754920 0x5a 0x0 0x0 0x1700002 0xef 0x1730002 0xef 0x1870005 0x0 0x1b754920 0xef 0x0 0x0 0x1910002 0xd978 0x1940002 0xda5c 0x1a80005 0x0 0x1b754920 0xda71 0x0 0x0 0x1b00002 0x0 0x1bd0002 0x0 0x1c20007 0x0 0xc0 0x0 0x1ca0005 0x0 0x0 0x0 0x0 0x0 0x1d20005 0x0 0x0 0x0 0x0 0x0 0x1de0005 0x0 0x0 0x0 0x0 0x0 0x1e10002 0x0 0x1eb0002 0x0 0x1f00007 0x0 0x30 0x0 0x1f80002 0x0 0x2020002 0x0 0x2130002 0x0 0x2160004 0x0 0x0 0x0 0x0 0x0 0x2170002 0x0 0x21a0002 0x0 0x22f0005 0x0 0x0 0x0 0x0 0x0 oops 11 2 java/io/ObjectInputStream$BlockDataInputStream 12 java/io/ObjectInputStream$BlockDataInputStream 30 java/io/ObjectInputStream$BlockDataInputStream 36 java/io/ObjectInputStream$BlockDataInputStream 93 java/io/ObjectInputStream$BlockDataInputStream 101 java/io/ObjectInputStream$BlockDataInputStream 109 java/io/ObjectInputStream$BlockDataInputStream 127 java/io/ObjectInputStream$BlockDataInputStream 137 java/io/ObjectInputStream$BlockDataInputStream 147 java/io/ObjectInputStream$BlockDataInputStream 157 java/io/ObjectInputStream$BlockDataInputStream
ciMethodData java/io/ObjectStreamClass forClass ()Ljava/lang/Class; 2 121350 orig 264 8 206 248 103 0 0 0 0 144 7 205 27 0 0 0 0 88 2 0 0 0 0 0 0 0 0 0 0 0 0 0 0 0 0 0 0 0 0 0 0 0 0 0 0 0 0 0 0 0 0 0 0 0 0 0 0 0 0 0 0 0 0 0 0 0 0 0 0 0 0 0 0 0 0 0 0 0 0 0 0 77 68 79 32 101 120 116 114 97 32 100 97 116 97 32 108 111 99 107 0 0 0 0 0 0 0 0 0 0 0 0 0 0 0 0 0 0 0 0 0 0 0 0 0 0 0 0 0 0 0 0 0 0 0 0 0 0 0 0 0 0 0 0 0 0 0 0 0 0 0 0 0 0 0 0 0 0 0 0 0 0 0 0 0 0 0 0 0 0 0 0 0 0 0 0 0 0 0 0 0 0 0 0 0 17 0 0 0 0 0 0 0 0 0 0 0 0 0 0 0 1 0 0 0 0 0 0 0 0 0 0 0 0 0 0 0 0 2 0 0 49 192 14 0 1 0 0 0 0 0 0 0 0 0 0 0 2 0 0 0 3 0 93 0 2 0 0 0 16 1 0 0 255 255 255 255 7 0 4 0 0 0 0 0 data 34 0x40007 0x1d8bd 0x20 0x0 0xa0002 0x1d955 0xd0002 0x1d56d 0x100007 0x1d758 0xd0 0x0 0x130002 0x0 0x180005 0x0 0x0 0x0 0x0 0x0 0x1f0005 0x0 0x0 0x0 0x0 0x0 0x220002 0x0 0x250007 0x0 0x30 0x0 0x2c0002 0x0 oops 0
ciMethodData java/lang/Math min (JJ)J 2 8191 orig 264 8 206 248 103 0 0 0 0 0 105 198 21 0 0 0 0 112 1 0 0 0 0 0 0 0 0 0 0 0 0 0 0 0 0 0 0 0 0 0 0 0 0 0 0 0 0 0 0 0 0 0 0 0 0 0 0 0 0 0 0 0 0 0 0 0 0 0 0 0 0 0 0 0 0 0 0 0 0 0 0 77 68 79 32 101 120 116 114 97 32 100 97 116 97 32 108 111 99 107 0 0 0 0 0 0 0 0 0 0 0 0 0 0 0 0 0 0 0 0 0 0 0 0 0 0 0 0 0 0 0 0 0 0 0 0 0 0 0 0 0 0 0 0 0 0 0 0 0 0 0 0 0 0 0 0 0 0 0 0 0 0 0 0 0 0 0 0 0 0 0 0 0 0 0 0 0 0 0 0 0 0 0 0 0 0 0 0 0 0 0 0 0 0 0 0 0 0 0 0 0 0 0 0 0 0 0 0 0 0 0 0 0 0 0 0 0 1 2 0 0 233 239 0 0 1 0 0 0 0 0 0 0 0 0 0 0 2 0 0 0 0 0 6 0 2 0 0 0 56 0 0 0 255 255 255 255 7 0 3 0 0 0 0 0 data 7 0x30007 0x1dfd 0x38 0x0 0x70003 0x0 0x18 oops 0
ciMethodData java/io/ObjectInputStream$BlockDataInputStream readUTF ()Ljava/lang/String; 2 8184 orig 264 8 206 248 103 0 0 0 0 200 101 204 27 0 0 0 0 136 1 0 0 0 0 0 0 0 0 0 0 0 0 0 0 0 0 0 0 0 0 0 0 0 0 0 0 0 0 0 0 0 0 0 0 0 0 0 0 0 0 0 0 0 0 0 0 0 0 0 0 0 0 0 0 0 0 0 0 0 0 0 0 77 68 79 32 101 120 116 114 97 32 100 97 116 97 32 108 111 99 107 0 0 0 0 0 0 0 0 0 0 0 0 0 0 0 0 0 0 0 0 0 0 0 0 0 0 0 0 0 0 0 0 0 0 0 0 0 0 0 0 0 0 0 0 0 0 0 0 0 0 0 0 0 0 0 0 0 0 0 0 0 0 0 0 0 0 0 0 0 0 0 0 0 0 0 0 0 0 0 0 0 0 0 0 0 0 0 0 0 0 0 0 0 0 0 0 0 0 0 0 0 0 0 0 0 0 0 0 0 0 0 0 0 0 0 0 0 2 2 0 0 177 239 0 0 1 0 0 0 0 0 0 0 0 0 0 0 2 0 0 0 0 0 3 0 2 0 0 0 64 0 0 0 255 255 255 255 5 0 2 0 0 0 0 0 data 8 0x20005 0x0 0x1b754920 0x1df8 0x0 0x0 0x60002 0x1dfa oops 1 2 java/io/ObjectInputStream$BlockDataInputStream
ciMethodData java/io/ObjectInputStream$BlockDataInputStream readUTFBody (J)Ljava/lang/String; 2 16296 orig 264 8 206 248 103 0 0 0 0 184 112 204 27 0 0 0 0 16 3 0 0 16 0 0 0 0 0 0 0 0 0 0 0 0 0 0 0 0 0 0 0 0 0 0 0 0 0 0 0 0 0 0 0 0 0 0 0 0 0 0 0 0 0 0 0 0 0 0 0 0 0 0 0 0 0 0 0 0 0 0 0 77 68 79 32 101 120 116 114 97 32 100 97 116 97 32 108 111 99 107 0 0 0 0 0 0 0 0 0 0 0 0 0 0 0 0 0 0 0 0 0 0 0 0 0 0 0 0 0 0 0 0 0 0 0 0 0 0 0 0 0 0 0 0 0 0 0 0 0 0 0 0 0 0 0 0 0 0 0 0 0 0 0 0 0 0 0 0 0 0 0 0 0 0 0 0 0 0 0 0 0 0 0 0 0 0 0 0 0 0 0 0 0 0 0 0 0 0 0 0 0 0 0 0 0 0 0 0 0 0 0 0 0 0 0 0 0 251 3 0 0 225 239 0 0 105 221 1 0 0 0 0 0 0 0 0 0 2 0 0 0 1 0 23 0 2 0 0 0 184 1 0 0 255 255 255 255 2 0 4 0 0 0 0 0 data 55 0x40002 0x1dfc 0xc0007 0x0 0x20 0x1df9 0x1c0007 0x1dfd 0x158 0x3ba7 0x2d0007 0x1ded 0x40 0x1ddf 0x350007 0x1ddf 0x48 0x0 0x3c0002 0x1ded 0x410003 0x1de3 0xd0 0x480007 0x1de1 0x48 0x0 0x4f0002 0x0 0x550003 0x0 0x88 0x5a0007 0x1de1 0x30 0x0 0x6c0002 0x0 0x790002 0x1de1 0x910005 0x0 0x1a22ff90 0x1de0 0x0 0x0 0x940003 0x3bad 0xfffffffffffffec0 0x980005 0x105 0x16562140 0x1cf9 0x0 0x0 oops 2 42 java/io/ObjectInputStream$PeekInputStream 51 java/lang/StringBuilder
ciMethodData java/io/ObjectInputStream$BlockDataInputStream readUnsignedShort ()I 2 8183 orig 264 8 206 248 103 0 0 0 0 136 97 204 27 0 0 0 0 16 2 0 0 136 0 0 0 0 0 0 0 0 0 0 0 0 0 0 0 0 0 0 0 0 0 0 0 0 0 0 0 0 0 0 0 0 0 0 0 0 0 0 0 0 0 0 0 0 0 0 0 0 0 0 0 0 0 0 0 0 0 0 0 77 68 79 32 101 120 116 114 97 32 100 97 116 97 32 108 111 99 107 0 0 0 0 0 0 0 0 0 0 0 0 0 0 0 0 0 0 0 0 0 0 0 0 0 0 0 0 0 0 0 0 0 0 0 0 0 0 0 0 0 0 0 0 0 0 0 0 0 0 0 0 0 0 0 0 0 0 0 0 0 0 0 0 0 0 0 0 0 0 0 0 0 0 0 0 0 0 0 0 0 0 0 0 0 0 0 0 0 0 0 0 0 0 0 0 0 0 0 0 0 0 0 0 0 0 0 0 0 0 0 0 0 0 0 0 0 8 2 0 0 113 239 0 0 1 0 0 0 0 0 0 0 0 0 0 0 2 0 0 0 0 0 8 0 2 0 0 0 200 0 0 0 255 255 255 255 7 0 4 0 0 0 0 0 data 25 0x40007 0x0 0x68 0x1ded 0x160005 0x0 0x1a22ff90 0x1def 0x0 0x0 0x190003 0x1df6 0x68 0x260007 0x0 0x50 0x0 0x2d0005 0x0 0x0 0x0 0x0 0x0 0x390002 0x1df6 oops 1 6 java/io/ObjectInputStream$PeekInputStream
ciMethodData java/io/ObjectInputStream$HandleTable assign (Ljava/lang/Object;)I 2 61997 orig 264 8 206 248 103 0 0 0 0 200 144 204 27 0 0 0 0 176 1 0 0 32 0 0 0 0 0 0 0 0 0 0 0 0 0 0 0 0 0 0 0 0 0 0 0 0 0 0 0 0 0 0 0 0 0 0 0 0 0 0 0 0 0 0 0 0 0 0 0 0 0 0 0 0 0 0 0 0 0 0 0 77 68 79 32 101 120 116 114 97 32 100 97 116 97 32 108 111 99 107 0 0 0 0 0 0 0 0 0 0 0 0 0 0 0 0 0 0 0 0 0 0 0 0 0 0 0 0 0 0 0 0 0 0 0 0 0 0 0 0 0 0 0 0 0 0 0 0 0 0 0 0 0 0 0 0 0 0 0 0 0 0 0 0 0 0 0 0 0 0 0 0 0 0 0 0 0 0 0 0 0 0 0 0 0 0 0 0 0 0 0 0 0 0 0 0 0 0 0 0 0 0 0 0 0 0 0 0 0 0 0 0 0 0 0 0 0 0 2 0 0 105 129 7 0 1 0 0 0 0 0 0 0 0 0 0 0 2 0 0 0 0 0 6 0 2 0 0 0 96 0 0 0 255 255 255 255 7 0 9 0 0 0 0 0 data 12 0x90007 0xef19 0x30 0x161 0xd0002 0x161 0x230104 0x0 0x165623a0 0x64b 0x1e0a59f0 0x19 oops 2 8 java/io/File 10 com/android/ide/common/resources/ResourceFile
ciMethodData java/io/ObjectInputStream$HandleTable finish (I)V 2 37832 orig 264 8 206 248 103 0 0 0 0 56 148 204 27 0 0 0 0 184 2 0 0 88 0 0 0 0 0 0 0 0 0 0 0 0 0 0 0 0 0 0 0 0 0 0 0 0 0 0 0 0 0 0 0 0 0 0 0 0 0 0 0 0 0 0 0 0 0 0 0 0 0 0 0 0 0 0 0 0 0 0 0 77 68 79 32 101 120 116 114 97 32 100 97 116 97 32 108 111 99 107 0 0 0 0 0 0 0 0 0 0 0 0 0 0 0 0 0 0 0 0 0 0 0 0 0 0 0 0 0 0 0 0 0 0 0 0 0 0 0 0 0 0 0 0 0 0 0 0 0 0 0 0 0 0 0 0 0 0 0 0 0 0 0 0 0 0 0 0 0 0 0 0 0 0 0 0 0 0 0 0 0 0 0 0 0 0 0 0 0 0 0 0 0 0 0 0 0 0 0 0 0 0 0 0 0 0 0 0 0 0 0 0 0 0 0 0 0 26 2 0 0 241 129 4 0 113 141 4 0 0 0 0 0 0 0 0 0 2 0 0 0 1 0 16 0 2 0 0 0 104 1 0 0 255 255 255 255 7 0 4 0 0 0 0 0 data 45 0x40007 0x6fb 0x38 0x8958 0xb0003 0x895b 0x50 0x130007 0x6e3 0x38 0x1a 0x200003 0x1a 0x18 0x280007 0x89ad 0xf8 0x91b1 0x310008 0x8 0x0 0xb0 0x3f 0x98 0x25a 0x50 0x0 0x98 0x590104 0x0 0x0 0x0 0x0 0x0 0x5a0003 0x9054 0x40 0x5d0003 0x14e 0x28 0x640002 0x0 0x6b0003 0x91e1 0xffffffffffffff20 oops 0
ciMethodData java/io/ObjectInputStream filterCheck (Ljava/lang/Class;I)V 2 72760 orig 264 8 206 248 103 0 0 0 0 8 203 202 27 0 0 0 0 120 7 0 0 0 3 0 0 0 0 0 0 0 0 0 0 0 0 0 0 0 0 0 0 0 0 0 0 0 0 0 0 0 0 0 0 0 0 0 0 0 0 0 0 0 0 0 0 0 0 0 0 0 0 0 0 0 0 0 0 0 0 0 0 77 68 79 32 101 120 116 114 97 32 100 97 116 97 32 108 111 99 107 0 0 0 0 0 0 0 0 0 0 0 0 0 0 0 0 0 0 0 0 0 0 0 0 0 0 0 0 0 0 0 0 0 0 0 0 0 0 0 0 0 0 0 0 0 0 0 0 0 0 0 0 0 0 0 0 0 0 0 0 0 0 0 0 0 0 0 0 0 0 0 0 0 0 0 0 0 0 0 0 0 0 0 0 0 0 0 0 0 0 0 0 0 0 0 0 0 0 0 0 0 0 0 0 0 0 0 0 0 0 0 0 0 0 0 0 0 2 2 0 0 169 209 8 0 1 0 0 0 0 0 0 0 0 0 0 0 2 0 0 0 0 0 48 0 2 0 0 0 32 6 0 0 255 255 255 255 7 0 4 0 0 0 0 0 data 196 0x40007 0x11a77 0x620 0x0 0xd0007 0x0 0x38 0x0 0x110003 0x0 0x48 0x180005 0x0 0x0 0x0 0x0 0x0 0x320002 0x0 0x350005 0x0 0x0 0x0 0x0 0x0 0x3c0003 0x0 0x18 0x4b0007 0x0 0x40 0x0 0x530007 0x0 0x310 0x0 0x560002 0x0 0x590007 0x0 0x200 0x0 0x5c0002 0x0 0x6a0004 0x0 0x0 0x0 0x0 0x0 0x6e0004 0x0 0x0 0x0 0x0 0x0 0x720002 0x0 0x750004 0x0 0x0 0x0 0x0 0x0 0x7c0002 0x0 0x7f0004 0x0 0x0 0x0 0x0 0x0 0x860002 0x0 0x890004 0x0 0x0 0x0 0x0 0x0 0x8e0002 0x0 0x910004 0x0 0x0 0x0 0x0 0x0 0x980002 0x0 0x9b0004 0x0 0x0 0x0 0x0 0x0 0x9c0005 0x0 0x0 0x0 0x0 0x0 0xa70002 0x0 0xac0005 0x0 0x0 0x0 0x0 0x0 0xb10005 0x0 0x0 0x0 0x0 0x0 0xb40005 0x0 0x0 0x0 0x0 0x0 0xb70002 0x0 0xbf0005 0x0 0x0 0x0 0x0 0x0 0xc60002 0x0 0xc90007 0x0 0x200 0x0 0xcc0002 0x0 0xda0004 0x0 0x0 0x0 0x0 0x0 0xde0004 0x0 0x0 0x0 0x0 0x0 0xe20002 0x0 0xe50004 0x0 0x0 0x0 0x0 0x0 0xec0002 0x0 0xef0004 0x0 0x0 0x0 0x0 0x0 0xf60002 0x0 0xf90004 0x0 0x0 0x0 0x0 0x0 0xfe0002 0x0 0x1010004 0x0 0x0 0x0 0x0 0x0 0x1080002 0x0 0x10b0004 0x0 0x0 0x0 0x0 0x0 0x10c0005 0x0 0x0 0x0 0x0 0x0 oops 0
ciMethodData java/io/ObjectInputStream readNull ()Ljava/lang/Object; 2 17276 orig 264 8 206 248 103 0 0 0 0 128 212 202 27 0 0 0 0 168 1 0 0 0 0 0 0 0 0 0 0 0 0 0 0 0 0 0 0 0 0 0 0 0 0 0 0 0 0 0 0 0 0 0 0 0 0 0 0 0 0 0 0 0 0 0 0 0 0 0 0 0 0 0 0 0 0 0 0 0 0 0 0 77 68 79 32 101 120 116 114 97 32 100 97 116 97 32 108 111 99 107 0 0 0 0 0 0 0 0 0 0 0 0 0 0 0 0 0 0 0 0 0 0 0 0 0 0 0 0 0 0 0 0 0 0 0 0 0 0 0 0 0 0 0 0 0 0 0 0 0 0 0 0 0 0 0 0 0 0 0 0 0 0 0 0 0 0 0 0 0 0 0 0 0 0 0 0 0 0 0 0 0 0 0 0 0 0 0 0 0 0 0 0 0 0 0 0 0 0 0 0 0 0 0 0 0 0 0 0 0 0 0 0 0 0 0 0 0 0 2 0 0 225 11 2 0 1 0 0 0 0 0 0 0 0 0 0 0 2 0 0 0 0 0 8 0 2 0 0 0 96 0 0 0 255 255 255 255 5 0 4 0 0 0 0 0 data 12 0x40005 0x0 0x1b754920 0x417c 0x0 0x0 0x90007 0x417c 0x30 0x0 0x100002 0x0 oops 1 2 java/io/ObjectInputStream$BlockDataInputStream
ciMethodData java/io/ObjectInputStream readClassDesc (Z)Ljava/io/ObjectStreamClass; 2 57673 orig 264 8 206 248 103 0 0 0 0 200 215 202 27 0 0 0 0 112 3 0 0 224 1 0 0 0 0 0 0 0 0 0 0 0 0 0 0 0 0 0 0 0 0 0 0 0 0 0 0 0 0 0 0 0 0 0 0 0 0 0 0 0 0 0 0 0 0 0 0 0 0 0 0 0 0 0 0 0 0 0 0 77 68 79 32 101 120 116 114 97 32 100 97 116 97 32 108 111 99 107 0 0 0 0 0 0 0 0 0 0 0 0 0 0 0 0 0 0 0 0 0 0 0 0 0 0 0 0 0 0 0 0 0 0 0 0 0 0 0 0 0 0 0 0 0 0 0 0 0 0 0 0 0 0 0 0 0 0 0 0 0 0 0 0 0 0 0 0 0 0 0 0 0 0 0 0 0 0 0 0 0 0 0 0 0 0 0 0 0 0 0 0 0 0 0 0 0 0 0 0 0 0 0 0 0 0 0 0 0 0 0 0 0 0 0 0 0 0 2 0 0 65 250 6 0 1 0 0 0 0 0 0 0 0 0 0 0 2 0 0 0 0 0 29 0 2 0 0 0 32 2 0 0 255 255 255 255 5 0 4 0 0 0 0 0 data 68 0x40005 0x0 0x1b754920 0xdfa9 0x0 0x0 0x90008 0xa 0x0 0x160 0x15d 0x60 0x201 0xb8 0x28e 0x138 0x0 0x110 0x350002 0x33a 0x380104 0x0 0x0 0x0 0x0 0x0 0x3c0003 0x339 0x120 0x410002 0xd8f9 0x440004 0x0 0x19d3bc60 0xda69 0x0 0x0 0x480003 0xda6a 0xc8 0x4d0002 0x0 0x510003 0x0 0xa0 0x560002 0x4cb 0x5a0003 0x4c5 0x78 0x6a0002 0x0 0x6d0004 0x0 0x0 0x0 0x0 0x0 0x6e0002 0x0 0x710002 0x0 0x760007 0x339 0x30 0xdea9 0x7b0002 0xdf10 oops 2 2 java/io/ObjectInputStream$BlockDataInputStream 33 java/io/ObjectStreamClass
ciMethodData java/io/ObjectInputStream checkResolve (Ljava/lang/Object;)Ljava/lang/Object; 2 59148 orig 264 8 206 248 103 0 0 0 0 120 210 202 27 0 0 0 0 136 3 0 0 248 1 0 0 0 0 0 0 0 0 0 0 0 0 0 0 0 0 0 0 0 0 0 0 0 0 0 0 0 0 0 0 0 0 0 0 0 0 0 0 0 0 0 0 0 0 0 0 0 0 0 0 0 0 0 0 0 0 0 0 77 68 79 32 101 120 116 114 97 32 100 97 116 97 32 108 111 99 107 0 0 0 0 0 0 0 0 0 0 0 0 0 0 0 0 0 0 0 0 0 0 0 0 0 0 0 0 0 0 0 0 0 0 0 0 0 0 0 0 0 0 0 0 0 0 0 0 0 0 0 0 0 0 0 0 0 0 0 0 0 0 0 0 0 0 0 0 0 0 0 0 0 0 0 0 0 0 0 0 0 0 0 0 0 0 0 0 0 0 0 0 0 0 0 0 0 0 0 0 0 0 0 0 0 0 0 0 0 0 0 0 0 0 0 0 0 1 2 0 0 73 40 7 0 1 0 0 0 0 0 0 0 0 0 0 0 2 0 0 0 0 0 23 0 2 0 0 0 56 2 0 0 255 255 255 255 7 0 4 0 0 0 0 0 data 71 0x40007 0xe546 0x70 0x0 0xf0005 0x0 0x0 0x0 0x0 0x0 0x120007 0x0 0x20 0x0 0x190005 0x0 0x0 0x0 0x0 0x0 0x1f0007 0x0 0x198 0x0 0x230007 0x0 0x148 0x0 0x270005 0x0 0x0 0x0 0x0 0x0 0x2a0005 0x0 0x0 0x0 0x0 0x0 0x2d0007 0x0 0x88 0x0 0x320005 0x0 0x0 0x0 0x0 0x0 0x360002 0x0 0x390002 0x0 0x3c0003 0x0 0x58 0x410005 0x0 0x0 0x0 0x0 0x0 0x450002 0x0 0x510005 0x0 0x0 0x0 0x0 0x0 oops 0
ciMethodData java/io/Bits getInt ([BI)I 2 226459 orig 264 8 206 248 103 0 0 0 0 0 202 204 27 0 0 0 0 40 1 0 0 0 0 0 0 0 0 0 0 0 0 0 0 0 0 0 0 0 0 0 0 0 0 0 0 0 0 0 0 0 0 0 0 0 0 0 0 0 0 0 0 0 0 0 0 0 0 0 0 0 0 0 0 0 0 0 0 0 0 0 0 77 68 79 32 101 120 116 114 97 32 100 97 116 97 32 108 111 99 107 0 0 0 0 0 0 0 0 0 0 0 0 0 0 0 0 0 0 0 0 0 0 0 0 0 0 0 0 0 0 0 0 0 0 0 0 0 0 0 0 0 0 0 0 0 0 0 0 0 0 0 0 0 0 0 0 0 0 0 0 0 0 0 0 0 0 0 0 0 0 0 0 0 0 0 0 0 0 0 0 0 0 0 0 0 0 0 0 0 0 0 0 0 0 0 0 0 0 0 0 0 0 0 0 0 0 0 0 0 0 0 0 0 0 0 0 0 0 2 0 0 217 148 27 0 1 0 0 0 0 0 0 0 0 0 0 0 2 0 0 0 0 0 3 0 1 0 0 0 0 0 0 0 255 255 255 255 0 0 0 0 0 0 0 0 data 0 oops 0
ciMethodData java/io/ObjectInputStream readString (Z)Ljava/lang/String; 2 4277 orig 264 8 206 248 103 0 0 0 0 136 221 202 27 0 0 0 0 72 3 0 0 152 1 0 0 0 0 0 0 0 0 0 0 0 0 0 0 0 0 0 0 0 0 0 0 0 0 0 0 0 0 0 0 0 0 0 0 0 0 0 0 0 0 0 0 0 0 0 0 0 0 0 0 0 0 0 0 0 0 0 0 77 68 79 32 101 120 116 114 97 32 100 97 116 97 32 108 111 99 107 0 0 0 0 0 0 0 0 0 0 0 0 0 0 0 0 0 0 0 0 0 0 0 0 0 0 0 0 0 0 0 0 0 0 0 0 0 0 0 0 0 0 0 0 0 0 0 0 0 0 0 0 0 0 0 0 0 0 0 0 0 0 0 0 0 0 0 0 0 0 0 0 0 0 0 0 0 0 0 0 0 0 0 0 0 0 0 0 0 0 0 0 0 0 0 0 0 0 0 0 0 0 0 0 0 0 0 0 0 0 0 0 0 0 0 0 0 0 2 0 0 169 117 0 0 1 0 0 0 0 0 0 0 0 0 0 0 2 0 0 0 0 0 18 0 2 0 0 0 248 1 0 0 255 255 255 255 5 0 4 0 0 0 0 0 data 63 0x40005 0x0 0x1b754920 0xeb4 0x0 0x0 0x90008 0x6 0x0 0xd0 0x54f 0x40 0x0 0x88 0x280005 0x0 0x1b754920 0xeb8 0x0 0x0 0x2c0003 0xeb7 0xc0 0x330005 0x0 0x0 0x0 0x0 0x0 0x370003 0x0 0x78 0x470002 0x0 0x4a0004 0x0 0x0 0x0 0x0 0x0 0x4b0002 0x0 0x4e0002 0x0 0x580007 0xeb8 0x38 0x0 0x5e0003 0x0 0x18 0x620005 0x0 0x211bb980 0xeb8 0x0 0x0 0x700005 0x0 0x211bb980 0xeb9 0x0 0x0 oops 4 2 java/io/ObjectInputStream$BlockDataInputStream 16 java/io/ObjectInputStream$BlockDataInputStream 53 java/io/ObjectInputStream$HandleTable 59 java/io/ObjectInputStream$HandleTable
ciMethodData java/io/ObjectStreamClass <init> ()V 2 2509 orig 264 8 206 248 103 0 0 0 0 16 14 205 27 0 0 0 0 48 1 0 0 0 0 0 0 0 0 0 0 0 0 0 0 0 0 0 0 0 0 0 0 0 0 0 0 0 0 0 0 0 0 0 0 0 0 0 0 0 0 0 0 0 0 0 0 0 0 0 0 0 0 0 0 0 0 0 0 0 0 0 0 77 68 79 32 101 120 116 114 97 32 100 97 116 97 32 108 111 99 107 0 0 0 0 0 0 0 0 0 0 0 0 0 0 0 0 0 0 0 0 0 0 0 0 0 0 0 0 0 0 0 0 0 0 0 0 0 0 0 0 0 0 0 0 0 0 0 0 0 0 0 0 0 0 0 0 0 0 0 0 0 0 0 0 0 0 0 0 0 0 0 0 0 0 0 0 0 0 0 0 0 0 0 0 0 0 0 0 0 0 0 0 0 0 0 0 0 0 0 0 0 0 0 0 0 0 0 0 0 0 0 0 0 0 0 0 0 0 2 0 0 105 62 0 0 1 0 0 0 0 0 0 0 0 0 0 0 2 0 0 0 0 0 3 0 2 0 0 0 16 0 0 0 255 255 255 255 2 0 1 0 0 0 0 0 data 2 0x10002 0x7cd oops 0
ciMethodData java/io/ObjectInputStream$BlockDataInputStream currentBlockRemaining ()I 2 27690 orig 264 8 206 248 103 0 0 0 0 248 82 204 27 0 0 0 0 136 1 0 0 64 0 0 0 0 0 0 0 0 0 0 0 0 0 0 0 0 0 0 0 0 0 0 0 0 0 0 0 0 0 0 0 0 0 0 0 0 0 0 0 0 0 0 0 0 0 0 0 0 0 0 0 0 0 0 0 0 0 0 0 77 68 79 32 101 120 116 114 97 32 100 97 116 97 32 108 111 99 107 0 0 0 0 0 0 0 0 0 0 0 0 0 0 0 0 0 0 0 0 0 0 0 0 0 0 0 0 0 0 0 0 0 0 0 0 0 0 0 0 0 0 0 0 0 0 0 0 0 0 0 0 0 0 0 0 0 0 0 0 0 0 0 0 0 0 0 0 0 0 0 0 0 0 0 0 0 0 0 0 0 0 0 0 0 0 0 0 0 0 0 0 0 0 0 0 0 0 0 0 0 0 0 0 0 0 0 0 0 0 0 0 0 0 0 0 0 38 1 0 0 33 88 3 0 1 0 0 0 0 0 0 0 0 0 0 0 2 0 0 0 0 0 8 0 2 0 0 0 104 0 0 0 255 255 255 255 7 0 4 0 0 0 0 0 data 13 0x40007 0x0 0x58 0x6b14 0xb0007 0x0 0x38 0x6b4c 0x1c0003 0x6b3f 0x18 0x250002 0x0 oops 0
ciMethodData java/io/ObjectInputStream$BlockDataInputStream readInt ()I 2 70773 orig 264 8 206 248 103 0 0 0 0 112 98 204 27 0 0 0 0 16 2 0 0 136 0 0 0 0 0 0 0 0 0 0 0 0 0 0 0 0 0 0 0 0 0 0 0 0 0 0 0 0 0 0 0 0 0 0 0 0 0 0 0 0 0 0 0 0 0 0 0 0 0 0 0 0 0 0 0 0 0 0 0 77 68 79 32 101 120 116 114 97 32 100 97 116 97 32 108 111 99 107 0 0 0 0 0 0 0 0 0 0 0 0 0 0 0 0 0 0 0 0 0 0 0 0 0 0 0 0 0 0 0 0 0 0 0 0 0 0 0 0 0 0 0 0 0 0 0 0 0 0 0 0 0 0 0 0 0 0 0 0 0 0 0 0 0 0 0 0 0 0 0 0 0 0 0 0 0 0 0 0 0 0 0 0 0 0 0 0 0 0 0 0 0 0 0 0 0 0 0 0 0 0 0 0 0 0 0 0 0 0 0 0 0 0 0 0 0 0 2 0 0 169 147 8 0 1 0 0 0 0 0 0 0 0 0 0 0 2 0 0 0 0 0 8 0 2 0 0 0 200 0 0 0 255 255 255 255 7 0 4 0 0 0 0 0 data 25 0x40007 0x3b3 0x68 0x10f06 0x160005 0x0 0x1a22ff90 0x10f1f 0x0 0x0 0x190003 0x1125e 0x68 0x260007 0x1bf 0x50 0x1f4 0x2d0005 0x28 0x185ed720 0x1cc 0x0 0x0 0x390002 0x11442 oops 2 6 java/io/ObjectInputStream$PeekInputStream 19 java/io/DataInputStream
ciMethodData java/io/ObjectInputStream readHandle (Z)Ljava/lang/Object; 2 69511 orig 264 8 206 248 103 0 0 0 0 168 213 202 27 0 0 0 0 80 3 0 0 224 1 0 0 0 0 0 0 0 0 0 0 0 0 0 0 0 0 0 0 0 0 0 0 0 0 0 0 0 0 0 0 0 0 0 0 0 0 0 0 0 0 0 0 0 0 0 0 0 0 0 0 0 0 0 0 0 0 0 0 77 68 79 32 101 120 116 114 97 32 100 97 116 97 32 108 111 99 107 0 0 0 0 0 0 0 0 0 0 0 0 0 0 0 0 0 0 0 0 0 0 0 0 0 0 0 0 0 0 0 0 0 0 0 0 0 0 0 0 0 0 0 0 0 0 0 0 0 0 0 0 0 0 0 0 0 0 0 0 0 0 0 0 0 0 0 0 0 0 0 0 0 0 0 0 0 0 0 0 0 0 0 0 0 0 0 0 0 0 0 0 0 0 0 0 0 0 0 0 0 0 0 0 0 0 0 0 0 0 0 0 0 0 0 0 0 216 1 0 0 121 109 8 0 1 0 0 0 0 0 0 0 0 0 0 0 2 0 0 0 0 0 35 0 2 0 0 0 0 2 0 0 255 255 255 255 5 0 4 0 0 0 0 0 data 64 0x40005 0x0 0x1b754920 0x10e56 0x0 0x0 0x90007 0x10ed1 0x30 0x0 0x100002 0x0 0x190005 0x0 0x1b754920 0x10f31 0x0 0x0 0x260007 0x0 0x70 0x11162 0x310005 0x0 0x211bb980 0x11173 0x0 0x0 0x340007 0x1118e 0x80 0x0 0x4a0002 0x0 0x4d0004 0x0 0x0 0x0 0x0 0x0 0x4e0002 0x0 0x510002 0x0 0x560007 0x11180 0x30 0x0 0x5f0002 0x0 0x6b0005 0x0 0x211bb980 0x1117f 0x0 0x0 0x730007 0x11371 0x30 0x0 0x7c0002 0x0 0x830002 0x1139a oops 4 2 java/io/ObjectInputStream$BlockDataInputStream 14 java/io/ObjectInputStream$BlockDataInputStream 24 java/io/ObjectInputStream$HandleTable 52 java/io/ObjectInputStream$HandleTable
ciMethodData java/io/ObjectInputStream readOrdinaryObject (Z)Ljava/lang/Object; 2 55671 orig 264 8 206 248 103 0 0 0 0 160 227 202 27 0 0 0 0 24 9 0 0 136 7 0 0 0 0 0 0 0 0 0 0 0 0 0 0 0 0 0 0 0 0 0 0 0 0 0 0 0 0 0 0 0 0 0 0 0 0 0 0 0 0 0 0 0 0 0 0 0 0 0 0 0 0 0 0 0 0 0 0 77 68 79 32 101 120 116 114 97 32 100 97 116 97 32 108 111 99 107 0 0 0 0 0 0 0 0 0 0 0 0 0 0 0 0 0 0 0 0 0 0 0 0 0 0 0 0 0 0 0 0 0 0 0 0 0 0 0 0 0 0 0 0 0 0 0 0 0 0 0 0 0 0 0 0 0 0 0 0 0 0 0 0 0 0 0 0 0 0 0 0 0 0 0 0 0 0 0 0 0 0 0 0 0 0 0 0 0 0 0 0 0 0 0 0 0 0 0 0 0 0 0 0 0 0 0 0 0 0 0 0 0 0 0 0 0 11 1 0 0 89 195 6 0 1 0 0 0 0 0 0 0 0 0 0 0 2 0 0 0 0 0 84 0 2 0 0 0 200 7 0 0 255 255 255 255 5 0 4 0 0 0 0 0 data 249 0x40005 0x0 0x1b754920 0xd89f 0x0 0x0 0x90007 0xd937 0x30 0x0 0x100002 0x0 0x160002 0xd9a3 0x1b0005 0x0 0x19d3bc60 0xdb53 0x0 0x0 0x1f0005 0x0 0x19d3bc60 0xdb30 0x0 0x0 0x260007 0x0 0x60 0xdac7 0x2c0007 0x0 0x40 0xdac9 0x320007 0xdae6 0x30 0x0 0x3c0002 0x0 0x410005 0x0 0x19d3bc60 0xdada 0x0 0x0 0x440007 0x0 0x68 0xd973 0x480005 0x0 0x19d3bc60 0xd992 0x0 0x0 0x4b0003 0xda34 0x18 0x510003 0xda40 0xe8 0x5b0005 0x0 0x0 0x0 0x0 0x0 0x5e0005 0x0 0x0 0x0 0x0 0x0 0x640002 0x0 0x690005 0x0 0x0 0x0 0x0 0x0 0x6c0004 0x0 0x0 0x0 0x0 0x0 0x760007 0xda3d 0x38 0x0 0x7c0003 0x0 0x18 0x810005 0x0 0x211bb980 0xda1b 0x0 0x0 0x880005 0x0 0x19d3bc60 0xd9d5 0x0 0x0 0x8f0007 0xd9e2 0x50 0x0 0x9c0005 0x0 0x0 0x0 0x0 0x0 0xa00005 0x0 0x19d3bc60 0xd9d4 0x0 0x0 0xa30007 0xd99e 0x78 0x0 0xa90004 0x0 0x0 0x0 0x0 0x0 0xad0002 0x0 0xb00003 0x0 0x28 0xb70002 0xd977 0xc20005 0x0 0x211bb980 0xd932 0x0 0x0 0xc70007 0x0 0x338 0xd955 0xd20005 0x0 0x211bb980 0xd967 0x0 0x0 0xd50007 0x0 0x2e8 0xd9c5 0xd90005 0x0 0x19d3bc60 0xd9e3 0x0 0x0 0xdc0007 0xd9ba 0x298 0x32 0xe20005 0x0 0x19d3bc60 0x32 0x0 0x0 0xe80007 0x32 0xb0 0x0 0xed0005 0x0 0x0 0x0 0x0 0x0 0xf00005 0x0 0x0 0x0 0x0 0x0 0xf30007 0x0 0x30 0x0 0xf80002 0x0 0x1010007 0x0 0x198 0x32 0x1060007 0x0 0x148 0x33 0x10b0005 0x18 0x1a2198f0 0x1b 0x0 0x0 0x10e0005 0x17 0x277fa30 0x1b 0x0 0x0 0x1110007 0x32 0x88 0x0 0x1170005 0x0 0x0 0x0 0x0 0x0 0x11c0002 0x0 0x11f0002 0x0 0x1220003 0x0 0x58 0x1280005 0x18 0x1a2198f0 0x1b 0x0 0x0 0x12c0002 0x33 0x13c0005 0x0 0x211bb980 0x32 0x0 0x0 oops 16 2 java/io/ObjectInputStream$BlockDataInputStream 16 java/io/ObjectStreamClass 22 java/io/ObjectStreamClass 42 java/io/ObjectStreamClass 52 java/io/ObjectStreamClass 97 java/io/ObjectInputStream$HandleTable 103 java/io/ObjectStreamClass 119 java/io/ObjectStreamClass 142 java/io/ObjectInputStream$HandleTable 152 java/io/ObjectInputStream$HandleTable 162 java/io/ObjectStreamClass 172 java/io/ObjectStreamClass 208 com/google/common/collect/RegularImmutableMap 214 java/lang/Class 237 com/google/common/collect/RegularImmutableMap 245 java/io/ObjectInputStream$HandleTable
ciMethodData java/io/ObjectInputStream readArray (Z)Ljava/lang/Object; 1 647 orig 264 8 206 248 103 0 0 0 0 16 224 202 27 0 0 0 0 0 12 0 0 168 9 0 0 0 0 0 0 0 0 0 0 0 0 0 0 0 0 0 0 0 0 0 0 0 0 0 0 0 0 0 0 0 0 0 0 0 0 0 0 0 0 0 0 0 0 0 0 0 0 0 0 0 0 0 0 0 0 0 0 77 68 79 32 101 120 116 114 97 32 100 97 116 97 32 108 111 99 107 0 0 0 0 0 0 0 0 0 0 0 0 0 0 0 0 0 0 0 0 0 0 0 0 0 0 0 0 0 0 0 0 0 0 0 0 0 0 0 0 0 0 0 0 0 0 0 0 0 0 0 0 0 0 0 0 0 0 0 0 0 0 0 0 0 0 0 0 0 0 0 0 0 0 0 0 0 0 0 0 0 0 0 0 0 0 0 0 0 0 0 0 0 0 0 0 0 0 0 0 0 0 0 0 0 0 0 0 0 0 0 0 0 0 0 0 0 164 0 0 0 169 2 0 0 25 15 0 0 0 0 0 0 0 0 0 0 2 0 0 0 0 0 0 0 0 0 0 0 176 10 0 0 255 255 255 255 5 0 4 0 0 0 0 0 data 342 0x40005 0x0 0x1b754920 0x55 0x0 0x0 0x90007 0x55 0x30 0x0 0x100002 0x0 0x160002 0x55 0x1e0005 0x0 0x1b754920 0x55 0x0 0x0 0x240005 0x0 0x19d3bc60 0x55 0x0 0x0 0x280002 0x55 0x320005 0x0 0x19d3bc60 0x55 0x0 0x0 0x380007 0x0 0x60 0x55 0x3d0005 0x55 0x0 0x0 0x0 0x0 0x450002 0x55 0x4f0007 0x55 0x38 0x0 0x550003 0x0 0x18 0x5a0005 0x0 0x211bb980 0x55 0x0 0x0 0x600005 0x0 0x19d3bc60 0x55 0x0 0x0 0x670007 0x55 0x50 0x0 0x720005 0x0 0x0 0x0 0x0 0x0 0x770007 0x55 0x80 0x0 0x800007 0x0 0x48 0x0 0x850002 0x0 0x8c0003 0x0 0xffffffffffffffd0 0x8f0003 0x0 0x7c0 0x940005 0x55 0x0 0x0 0x0 0x0 0x970007 0x55 0x670 0x0 0x9f0007 0x0 0xc8 0x0 0xa80004 0x0 0x0 0x0 0x0 0x0 0xab0004 0x0 0x0 0x0 0x0 0x0 0xb00005 0x0 0x0 0x0 0x0 0x0 0xb30003 0x0 0x6a8 0xbb0007 0x0 0xc8 0x0 0xc40004 0x0 0x0 0x0 0x0 0x0 0xc70004 0x0 0x0 0x0 0x0 0x0 0xcd0005 0x0 0x0 0x0 0x0 0x0 0xd00003 0x0 0x5e0 0xd80007 0x0 0xc8 0x0 0xe10004 0x0 0x0 0x0 0x0 0x0 0xe40004 0x0 0x0 0x0 0x0 0x0 0xe90005 0x0 0x0 0x0 0x0 0x0 0xec0003 0x0 0x518 0xf40007 0x0 0xc8 0x0 0xfd0004 0x0 0x0 0x0 0x0 0x0 0x1000004 0x0 0x0 0x0 0x0 0x0 0x1050005 0x0 0x0 0x0 0x0 0x0 0x1080003 0x0 0x450 0x1100007 0x0 0xc8 0x0 0x1190004 0x0 0x0 0x0 0x0 0x0 0x11c0004 0x0 0x0 0x0 0x0 0x0 0x1210005 0x0 0x0 0x0 0x0 0x0 0x1240003 0x0 0x388 0x12c0007 0x0 0xc8 0x0 0x1350004 0x0 0x0 0x0 0x0 0x0 0x1380004 0x0 0x0 0x0 0x0 0x0 0x13d0005 0x0 0x0 0x0 0x0 0x0 0x1400003 0x0 0x2c0 0x1480007 0x0 0xc8 0x0 0x1510004 0x0 0x0 0x0 0x0 0x0 0x1540004 0x0 0x0 0x0 0x0 0x0 0x1590005 0x0 0x0 0x0 0x0 0x0 0x15c0003 0x0 0x1f8 0x1640007 0x0 0xc8 0x0 0x16d0004 0x0 0x0 0x0 0x0 0x0 0x1700004 0x0 0x0 0x0 0x0 0x0 0x1750005 0x0 0x0 0x0 0x0 0x0 0x1780003 0x0 0x130 0x17f0002 0x0 0x1850004 0x0 0x1b7acf60 0x15 0x201167a0 0x40 0x1880004 0x0 0x1b7acf60 0x15 0x201167a0 0x40 0x1930007 0x55 0xa8 0x1e3 0x19c0002 0x1e3 0x19f0104 0x0 0x1b7ad080 0x15 0x1b7ad130 0x15 0x1aa0005 0x0 0x211bb980 0x1e3 0x0 0x0 0x1b00003 0x1e3 0xffffffffffffff70 0x1b90005 0x0 0x211bb980 0x55 0x0 0x0 oops 14 2 java/io/ObjectInputStream$BlockDataInputStream 16 java/io/ObjectInputStream$BlockDataInputStream 22 java/io/ObjectStreamClass 30 java/io/ObjectStreamClass 55 java/io/ObjectInputStream$HandleTable 61 java/io/ObjectStreamClass 305 [Lcom/android/ide/common/resources/configuration/ResourceQualifier; 307 [Ljava/lang/Object; 311 [Lcom/android/ide/common/resources/configuration/ResourceQualifier; 313 [Ljava/lang/Object; 323 com/android/ide/common/resources/configuration/LayoutDirectionQualifier 325 com/android/ide/common/resources/configuration/ScreenSizeQualifier 329 java/io/ObjectInputStream$HandleTable 338 java/io/ObjectInputStream$HandleTable
ciMethodData java/io/ObjectInputStream$BlockDataInputStream readBlockHeader (Z)I 2 5776 orig 264 8 206 248 103 0 0 0 0 0 81 204 27 0 0 0 0 88 5 0 0 16 0 0 0 0 0 0 0 0 0 0 0 0 0 0 0 0 0 0 0 0 0 0 0 0 0 0 0 0 0 0 0 0 0 0 0 0 0 0 0 0 0 0 0 0 0 0 0 0 0 0 0 0 0 0 0 0 0 0 0 77 68 79 32 101 120 116 114 97 32 100 97 116 97 32 108 111 99 107 0 0 0 0 0 0 0 0 0 0 0 0 0 0 0 0 0 0 0 0 0 0 0 0 0 0 0 0 0 0 0 0 0 0 0 0 0 0 0 0 0 0 0 0 0 0 0 0 0 0 0 0 0 0 0 0 0 0 0 0 0 0 0 0 0 0 0 0 0 0 0 0 0 0 0 0 0 0 0 0 0 0 0 0 0 0 0 0 0 0 0 0 0 0 0 0 0 0 0 0 0 0 0 0 0 0 0 0 0 0 0 0 0 0 0 0 0 0 2 0 0 129 164 0 0 1 0 0 0 0 0 0 0 0 0 0 0 2 0 0 0 1 0 52 0 2 0 0 0 8 4 0 0 255 255 255 255 2 0 4 0 0 0 0 0 data 129 0x40002 0x1491 0x70007 0x1492 0x20 0x0 0xd0007 0x0 0x38 0x1493 0x120003 0x1492 0x48 0x190005 0x0 0x0 0x0 0x0 0x0 0x1e0007 0x1495 0x20 0x0 0x280005 0x0 0x1a22ff90 0x1497 0x0 0x0 0x2d0008 0xa 0x0 0x238 0xdc 0x60 0x324 0x238 0x0 0x1e0 0x0 0xb0 0x4e0007 0x80a 0x20 0x0 0x5e0005 0x0 0x1a22ff90 0x80a 0x0 0x0 0x6e0007 0x0 0x20 0x0 0x7e0005 0x0 0x0 0x0 0x0 0x0 0x860002 0x0 0x8d0007 0x0 0xd0 0x0 0x980002 0x0 0x9d0005 0x0 0x0 0x0 0x0 0x0 0xa20005 0x0 0x0 0x0 0x0 0x0 0xa50005 0x0 0x0 0x0 0x0 0x0 0xa80002 0x0 0xb30005 0x0 0x0 0x0 0x0 0x0 0xbb0002 0x0 0xbe0003 0x0 0xd8 0xc20007 0x0 0xc0 0xc8d 0xc80007 0x0 0x40 0xc8d 0xce0007 0xc8a 0x80 0x0 0xde0002 0x0 0xe10004 0x0 0x0 0x0 0x0 0x0 0xe20002 0x0 0xe50002 0x0 0xeb0003 0x0 0xfffffffffffffc50 0xf50002 0x0 oops 2 25 java/io/ObjectInputStream$PeekInputStream 47 java/io/ObjectInputStream$PeekInputStream
ciMethodData java/io/ObjectInputStream readClass (Z)Ljava/lang/Class; 1 89 orig 264 8 206 248 103 0 0 0 0 160 214 202 27 0 0 0 0 8 3 0 0 88 1 0 0 0 0 0 0 0 0 0 0 0 0 0 0 0 0 0 0 0 0 0 0 0 0 0 0 0 0 0 0 0 0 0 0 0 0 0 0 0 0 0 0 0 0 0 0 0 0 0 0 0 0 0 0 0 0 0 0 77 68 79 32 101 120 116 114 97 32 100 97 116 97 32 108 111 99 107 0 0 0 0 0 0 0 0 0 0 0 0 0 0 0 0 0 0 0 0 0 0 0 0 0 0 0 0 0 0 0 0 0 0 0 0 0 0 0 0 0 0 0 0 0 0 0 0 0 0 0 0 0 0 0 0 0 0 0 0 0 0 0 0 0 0 0 0 0 0 0 0 0 0 0 0 0 0 0 0 0 0 0 0 0 0 0 0 0 0 0 0 0 0 0 0 0 0 0 0 0 0 0 0 0 0 0 0 0 0 0 0 0 0 0 0 0 19 0 0 0 49 2 0 0 1 0 0 0 0 0 0 0 0 0 0 0 2 0 0 0 0 0 0 0 0 0 0 0 184 1 0 0 255 255 255 255 5 0 4 0 0 0 0 0 data 55 0x40005 0x0 0x1b754920 0x46 0x0 0x0 0x90007 0x46 0x30 0x0 0x100002 0x0 0x160002 0x46 0x1b0005 0x0 0x19d3bc60 0x46 0x0 0x0 0x250007 0x46 0x38 0x0 0x2b0003 0x0 0x18 0x2f0005 0x0 0x211bb980 0x46 0x0 0x0 0x360005 0x0 0x19d3bc60 0x46 0x0 0x0 0x3d0007 0x46 0x50 0x0 0x4a0005 0x0 0x0 0x0 0x0 0x0 0x550005 0x0 0x211bb980 0x46 0x0 0x0 oops 5 2 java/io/ObjectInputStream$BlockDataInputStream 16 java/io/ObjectStreamClass 29 java/io/ObjectInputStream$HandleTable 35 java/io/ObjectStreamClass 51 java/io/ObjectInputStream$HandleTable
ciMethodData java/io/ObjectInputStream$HandleTable lookupObject (I)Ljava/lang/Object; 2 70409 orig 264 8 206 248 103 0 0 0 0 176 149 204 27 0 0 0 0 128 1 0 0 0 0 0 0 0 0 0 0 0 0 0 0 0 0 0 0 0 0 0 0 0 0 0 0 0 0 0 0 0 0 0 0 0 0 0 0 0 0 0 0 0 0 0 0 0 0 0 0 0 0 0 0 0 0 0 0 0 0 0 0 77 68 79 32 101 120 116 114 97 32 100 97 116 97 32 108 111 99 107 0 0 0 0 0 0 0 0 0 0 0 0 0 0 0 0 0 0 0 0 0 0 0 0 0 0 0 0 0 0 0 0 0 0 0 0 0 0 0 0 0 0 0 0 0 0 0 0 0 0 0 0 0 0 0 0 0 0 0 0 0 0 0 0 0 0 0 0 0 0 0 0 0 0 0 0 0 0 0 0 0 0 0 0 0 0 0 0 0 0 0 0 0 0 0 0 0 0 0 0 0 0 0 0 0 0 0 0 0 0 0 0 0 0 0 0 0 0 2 0 0 73 136 8 0 1 0 0 0 0 0 0 0 0 0 0 0 2 0 0 0 0 0 9 0 2 0 0 0 88 0 0 0 255 255 255 255 7 0 2 0 0 0 0 0 data 11 0x20007 0x0 0x58 0x1113b 0xc0007 0x0 0x38 0x1126a 0x150003 0x11371 0x18 oops 0
ciMethodData java/io/ObjectInputStream readFatalException ()Ljava/io/IOException; 1 0 orig 264 8 206 248 103 0 0 0 0 160 234 202 27 0 0 0 0 248 1 0 0 80 0 0 0 0 0 0 0 0 0 0 0 0 0 0 0 0 0 0 0 0 0 0 0 0 0 0 0 0 0 0 0 0 0 0 0 0 0 0 0 0 0 0 0 0 0 0 0 0 0 0 0 0 0 0 0 0 0 0 0 77 68 79 32 101 120 116 114 97 32 100 97 116 97 32 108 111 99 107 0 0 0 0 0 0 0 0 0 0 0 0 0 0 0 0 0 0 0 0 0 0 0 0 0 0 0 0 0 0 0 0 0 0 0 0 0 0 0 0 0 0 0 0 0 0 0 0 0 0 0 0 0 0 0 0 0 0 0 0 0 0 0 0 0 0 0 0 0 0 0 0 0 0 0 0 0 0 0 0 0 0 0 0 0 0 0 0 0 0 0 0 0 0 0 0 0 0 0 0 0 0 0 0 0 0 0 0 0 0 0 0 0 0 0 0 0 0 0 0 0 1 0 0 0 1 0 0 0 0 0 0 0 0 0 0 0 2 0 0 0 0 0 0 0 0 0 0 0 176 0 0 0 255 255 255 255 5 0 4 0 0 0 0 0 data 22 0x40005 0x0 0x0 0x0 0x0 0x0 0x90007 0x0 0x30 0x0 0x100002 0x0 0x150002 0x0 0x1a0002 0x0 0x1d0004 0x0 0x0 0x0 0x0 0x0 oops 0
ciMethodData java/io/ObjectInputStream validateDescriptor (Ljava/io/ObjectStreamClass;)V 2 57415 orig 264 8 206 248 103 0 0 0 0 40 239 202 27 0 0 0 0 160 1 0 0 0 0 0 0 0 0 0 0 0 0 0 0 0 0 0 0 0 0 0 0 0 0 0 0 0 0 0 0 0 0 0 0 0 0 0 0 0 0 0 0 0 0 0 0 0 0 0 0 0 0 0 0 0 0 0 0 0 0 0 0 77 68 79 32 101 120 116 114 97 32 100 97 116 97 32 108 111 99 107 0 0 0 0 0 0 0 0 0 0 0 0 0 0 0 0 0 0 0 0 0 0 0 0 0 0 0 0 0 0 0 0 0 0 0 0 0 0 0 0 0 0 0 0 0 0 0 0 0 0 0 0 0 0 0 0 0 0 0 0 0 0 0 0 0 0 0 0 0 0 0 0 0 0 0 0 0 0 0 0 0 0 0 0 0 0 0 0 0 0 0 0 0 0 0 0 0 0 0 0 0 0 0 0 0 0 0 0 0 0 0 0 0 0 0 0 0 0 2 0 0 57 242 6 0 1 0 0 0 0 0 0 0 0 0 0 0 2 0 0 0 0 0 6 0 2 0 0 0 80 0 0 0 255 255 255 255 7 0 6 0 0 0 0 0 data 10 0x60007 0xdea2 0x50 0x0 0xb0005 0x0 0x0 0x0 0x0 0x0 oops 0
ciMethodData java/io/ObjectInputStream clear ()V 1 0 orig 264 8 206 248 103 0 0 0 0 24 206 202 27 0 0 0 0 168 1 0 0 0 0 0 0 0 0 0 0 0 0 0 0 0 0 0 0 0 0 0 0 0 0 0 0 0 0 0 0 0 0 0 0 0 0 0 0 0 0 0 0 0 0 0 0 0 0 0 0 0 0 0 0 0 0 0 0 0 0 0 0 77 68 79 32 101 120 116 114 97 32 100 97 116 97 32 108 111 99 107 0 0 0 0 0 0 0 0 0 0 0 0 0 0 0 0 0 0 0 0 0 0 0 0 0 0 0 0 0 0 0 0 0 0 0 0 0 0 0 0 0 0 0 0 0 0 0 0 0 0 0 0 0 0 0 0 0 0 0 0 0 0 0 0 0 0 0 0 0 0 0 0 0 0 0 0 0 0 0 0 0 0 0 0 0 17 0 0 0 0 0 0 0 0 0 0 0 0 0 0 0 1 0 0 0 0 0 0 0 0 0 0 0 0 0 0 0 0 0 0 0 1 0 0 0 1 0 0 0 0 0 0 0 0 0 0 0 2 0 0 0 0 0 0 0 0 0 0 0 96 0 0 0 255 255 255 255 5 0 4 0 0 0 0 0 data 12 0x40005 0x0 0x0 0x0 0x0 0x0 0xb0005 0x0 0x0 0x0 0x0 0x0 oops 0
ciMethodData java/io/ObjectInputStream readEnum (Z)Ljava/lang/Enum; 1 261 orig 264 8 206 248 103 0 0 0 0 160 225 202 27 0 0 0 0 32 6 0 0 112 4 0 0 0 0 0 0 0 0 0 0 0 0 0 0 0 0 0 0 0 0 0 0 0 0 0 0 0 0 0 0 0 0 0 0 0 0 0 0 0 0 0 0 0 0 0 0 0 0 0 0 0 0 0 0 0 0 0 0 77 68 79 32 101 120 116 114 97 32 100 97 116 97 32 108 111 99 107 0 0 0 0 0 0 0 0 0 0 0 0 0 0 0 0 0 0 0 0 0 0 0 0 0 0 0 0 0 0 0 0 0 0 0 0 0 0 0 0 0 0 0 0 0 0 0 0 0 0 0 0 0 0 0 0 0 0 0 0 0 0 0 0 0 0 0 0 0 0 0 0 0 0 0 0 0 0 0 0 0 0 0 0 0 0 0 0 0 0 0 0 0 0 0 0 0 0 0 0 0 0 0 0 0 0 0 0 0 0 0 0 0 0 0 0 0 65 0 0 0 25 6 0 0 1 0 0 0 0 0 0 0 0 0 0 0 2 0 0 0 0 0 0 0 0 0 0 0 208 4 0 0 255 255 255 255 5 0 4 0 0 0 0 0 data 154 0x40005 0x0 0x1b754920 0xc3 0x0 0x0 0x90007 0xc3 0x30 0x0 0x100002 0x0 0x160002 0xc3 0x1b0005 0x0 0x19d3bc60 0xc3 0x0 0x0 0x1e0007 0xc3 0xd0 0x0 0x290002 0x0 0x2e0005 0x0 0x0 0x0 0x0 0x0 0x320005 0x0 0x0 0x0 0x0 0x0 0x350005 0x0 0x0 0x0 0x0 0x0 0x380002 0x0 0x410007 0xc3 0x38 0x0 0x470003 0x0 0x18 0x4b0005 0x0 0x211bb980 0xc2 0x0 0x0 0x500005 0x0 0x19d3bc60 0xc2 0x0 0x0 0x570007 0xc2 0x50 0x0 0x610005 0x0 0x0 0x0 0x0 0x0 0x660002 0xc2 0x6f0005 0x0 0x19d3bc60 0xc3 0x0 0x0 0x760007 0x0 0x208 0xc3 0x7d0002 0xc2 0x860003 0xc2 0x188 0x930002 0x0 0x980005 0x0 0x0 0x0 0x0 0x0 0x9d0005 0x0 0x0 0x0 0x0 0x0 0xa20005 0x0 0x0 0x0 0x0 0x0 0xa70005 0x0 0x0 0x0 0x0 0x0 0xaa0005 0x0 0x0 0x0 0x0 0x0 0xad0002 0x0 0xb20005 0x0 0x0 0x0 0x0 0x0 0xb50004 0x0 0x0 0x0 0x0 0x0 0xba0007 0x0 0x50 0xc2 0xc40005 0x0 0x211bb980 0xc3 0x0 0x0 0xcc0005 0x0 0x211bb980 0xc2 0x0 0x0 oops 7 2 java/io/ObjectInputStream$BlockDataInputStream 16 java/io/ObjectStreamClass 55 java/io/ObjectInputStream$HandleTable 61 java/io/ObjectStreamClass 79 java/io/ObjectStreamClass 144 java/io/ObjectInputStream$HandleTable 150 java/io/ObjectInputStream$HandleTable
ciMethodData java/io/ObjectInputStream skipCustomData ()V 2 3616 orig 264 8 206 248 103 0 0 0 0 120 232 202 27 0 0 0 0 40 3 0 0 136 1 0 0 0 0 0 0 0 0 0 0 0 0 0 0 0 0 0 0 0 0 0 0 0 0 0 0 0 0 0 0 0 0 0 0 0 0 0 0 0 0 0 0 0 0 0 0 0 0 0 0 0 0 0 0 0 0 0 0 77 68 79 32 101 120 116 114 97 32 100 97 116 97 32 108 111 99 107 0 0 0 0 0 0 0 0 0 0 0 0 0 0 0 0 0 0 0 0 0 0 0 0 0 0 0 0 0 0 0 0 0 0 0 0 0 0 0 0 0 0 0 0 0 0 0 0 0 0 0 0 0 0 0 0 0 0 0 0 0 0 0 0 0 0 0 0 0 0 0 0 0 0 0 0 0 0 0 0 0 0 0 0 0 0 0 0 0 0 0 0 0 0 0 0 0 0 0 0 0 0 0 0 0 0 0 0 0 0 0 0 0 0 0 0 0 0 2 0 0 1 97 0 0 1 0 0 0 0 0 0 0 0 0 0 0 2 0 0 0 2 0 24 0 2 0 0 0 224 1 0 0 255 255 255 255 5 0 9 0 0 0 0 0 data 60 0x90005 0x0 0x1b754920 0xc22 0x0 0x0 0xc0007 0x0 0x80 0xc25 0x130005 0x0 0x1b754920 0xc25 0x0 0x0 0x1b0005 0x0 0x1b754920 0xc27 0x0 0x0 0x230005 0x0 0x1b754920 0xc1f 0x0 0x0 0x260008 0xa 0x0 0xd8 0x0 0x60 0x452 0xa8 0x0 0xd8 0x0 0x60 0x490005 0x0 0x0 0x0 0x0 0x0 0x4d0003 0x0 0xfffffffffffffe90 0x540005 0x0 0x1b754920 0xc1d 0x0 0x0 0x600002 0x0 0x640003 0x0 0xfffffffffffffe38 oops 5